_                
| |    ___   __ _ 
| |   / _ \ / _` |
| |__| (_) | (_| |
|_____\___/ \__, |
            |___/ 

Budget update started: 2025-02-05 10:12:00

- Budget name: RSA Marketing - Events - Budget serial: 12047- Total budget: 122000 - Total spend: 98718.45 - Difference: 23281.55 - Adjustment: 23281.55
- New budget amounts: {"062024":"0","072024":"20000","082024":78718.45,"092024":0,"102024":0,"112024":0,"122024":0,"012025":0,"022025":23281.550000000003}
- Update result: {"status":"success","message":"Transaction committed successfully."}

- Budget name: RSA HR - Stationery - Budget serial: 12922- Total budget: 58500 - Total spend: 23947.71 - Difference: 34552.29 - Adjustment: 28052.29
- New budget amounts: {"062024":"6500","072024":"6500","082024":"6500","092024":4447.709999999999,"102024":0,"112024":0,"122024":0,"012025":0,"022025":34552.29}
- Update result: {"status":"success","message":"Transaction committed successfully."}

- Budget name: RSA HR - Subscriptions - Budget serial: 13720- Total budget: 3600 - Total spend: 0 - Difference: 3600 - Adjustment: 3200
- New budget amounts: {"062024":0,"072024":0,"082024":0,"092024":0,"102024":0,"112024":0,"122024":0,"012025":0,"022025":3600}
- Update result: {"status":"success","message":"Transaction committed successfully."}

- Budget name: RSA HR - Work Permits - Budget serial: 12970- Total budget: 22500 - Total spend: 17000 - Difference: 5500 - Adjustment: 3000
- New budget amounts: {"062024":"2500","072024":"2500","082024":"2500","092024":"2500","102024":"2500","112024":"2500","122024":2000,"012025":0,"022025":5500}
- Update result: {"status":"success","message":"Transaction committed successfully."}

- Budget name: RSA Headrest Covers - Budget serial: 12875- Total budget: 810000 - Total spend: 330000 - Difference: 480000 - Adjustment: 390000
- New budget amounts: {"062024":"90000","072024":"90000","082024":"90000","092024":60000,"102024":0,"112024":0,"122024":0,"012025":0,"022025":480000}
- Update result: {"status":"success","message":"Transaction committed successfully."}

- Budget name: RSA IFoundation - Budget serial: 12093- Total budget: 675000 - Total spend: 19913.35 - Difference: 655086.65 - Adjustment: 580086.65
- New budget amounts: {"062024":19913.349999999977,"072024":0,"082024":0,"092024":0,"102024":0,"112024":0,"122024":0,"012025":0,"022025":655086.65}
- Update result: {"status":"success","message":"Transaction committed successfully."}

- Budget name: RSA Inspectorate Cost - IR - Budget serial: 12921- Total budget: 14400 - Total spend: 12291 - Difference: 2109 - Adjustment: 509
- New budget amounts: {"062024":"1600","072024":"1600","082024":"1600","092024":"1600","102024":"1600","112024":"1600","122024":"1600","012025":1091,"022025":2109}
- Update result: {"status":"success","message":"Transaction committed successfully."}

- Budget name: RSA Legal - Litigation - Budget serial: 12038- Total budget: 751500 - Total spend: 212714.75 - Difference: 538785.25 - Adjustment: 455285.25
- New budget amounts: {"062024":"83500","072024":"83500","082024":45714.75,"092024":0,"102024":0,"112024":0,"122024":0,"012025":0,"022025":538785.25}
- Update result: {"status":"success","message":"Transaction committed successfully."}

- Budget name: RSA Legal - Subscriptions - Budget serial: 13784- Total budget: 45000 - Total spend: 0 - Difference: 45000 - Adjustment: 40000
- New budget amounts: {"062024":0,"072024":0,"082024":0,"092024":0,"102024":0,"112024":0,"122024":0,"012025":0,"022025":45000}
- Update result: {"status":"success","message":"Transaction committed successfully."}

- Budget name: RSA Licenses & COFS - Budget serial: 11932- Total budget: 11522845 - Total spend: 11422270.81 - Difference: 100574.19 - Adjustment: -282039.81
- New budget amounts: {"062024":"1035315","072024":"1466202","082024":"1054090","092024":"1339005","102024":"1512750","112024":"1469770","122024":"1213160","012025":1581736.8100000005,"022025":850816.1899999995}
- Update result: {"status":"success","message":"Transaction committed successfully."}

- Budget name: RSA Marketing - Advertising - Budget serial: 12043- Total budget: 1393500 - Total spend: 1095943.37 - Difference: 297556.63 - Adjustment: 143106.13
- New budget amounts: {"062024":"207500","072024":"166500","082024":"109500","092024":"152500","102024":"151500","112024":"156500","122024":144893.86999999988,"012025":0,"022025":304606.1300000001}
- Update result: {"status":"success","message":"Transaction committed successfully."}

- Budget name: RSA Marketing - Contracts - Budget serial: 12045- Total budget: 2534590 - Total spend: 2289597.9 - Difference: 244992.1 - Adjustment: -25517.9
- New budget amounts: {"062024":"270510","072024":"270510","082024":"340510","092024":"270510","102024":"270510","112024":"270510","122024":"270510","012025":326027.8999999999,"022025":244992.1000000001}
- Update result: {"status":"success","message":"Transaction committed successfully."}

- Budget name: RSA Marketing Project Big Sky Intercity - Budget serial: 15758- Total budget: 75000 - Total spend: 27055.5 - Difference: 47944.5 - Adjustment: 32944.5
- New budget amounts: {"062024":"15000","072024":"0","082024":12055.5,"092024":0,"102024":0,"112024":0,"122024":0,"012025":0,"022025":47944.5}
- Update result: {"status":"success","message":"Transaction committed successfully."}

- Budget name: RSA Monthly Ops & TECH Meeting - Budget serial: 16139- Total budget: 18000 - Total spend: 6445.59 - Difference: 11554.41 - Adjustment: 9554.41
- New budget amounts: {"062024":"2000","072024":"2000","082024":"2000","092024":445.59000000000015,"102024":0,"112024":0,"122024":0,"012025":0,"022025":11554.41}
- Update result: {"status":"success","message":"Transaction committed successfully."}

- Budget name: RSA OHS - Compliance & Equipment - Budget serial: 15258- Total budget: 175475 - Total spend: 61811.39 - Difference: 113663.61 - Adjustment: 99288.61
- New budget amounts: {"062024":"14375","072024":"40475","082024":6961.389999999999,"092024":0,"102024":0,"112024":0,"122024":0,"012025":0,"022025":113663.61}
- Update result: {"status":"success","message":"Transaction committed successfully."}

- Budget name: RSA OHS - Consulting - Budget serial: 13997- Total budget: 46690 - Total spend: 37375 - Difference: 9315 - Adjustment: 9315
- New budget amounts: {"062024":"6670","072024":"6670","082024":"6670","092024":"6670","102024":"6670","112024":4025,"122024":0,"012025":0,"022025":9315}
- Update result: {"status":"success","message":"Transaction committed successfully."}

- Budget name: RSA OHS - Training - Budget serial: 13996- Total budget: 235320 - Total spend: 42740.9 - Difference: 192579.1 - Adjustment: 133389.1
- New budget amounts: {"062024":"12500","072024":30240.899999999994,"082024":0,"092024":0,"102024":0,"112024":0,"122024":0,"012025":0,"022025":192579.1}
- Update result: {"status":"success","message":"Transaction committed successfully."}

- Budget name: RSA Payroll - Outsourced Labour (OPS) - Budget serial: 15780- Total budget: 57000 - Total spend: 23128.5 - Difference: 33871.5 - Adjustment: 33871.5
- New budget amounts: {"062024":"0","072024":"0","082024":"0","092024":"0","102024":"0","112024":"19000","122024":4128.5,"012025":0,"022025":33871.5}
- Update result: {"status":"success","message":"Transaction committed successfully."}

- Budget name: RSA Entertainment - Management Meetings - Budget serial: 12021- Total budget: 154600 - Total spend: 65676.04 - Difference: 88923.96 - Adjustment: 87623.96
- New budget amounts: {"062024":"1300","072024":"1300","082024":"1300","092024":"0","102024":"55600","112024":"1300","122024":"0","012025":4876.040000000008,"022025":88923.95999999999}
- Update result: {"status":"success","message":"Transaction committed successfully."}

- Budget name: RSA Payroll - Outsourced Labour (Procurement) - Budget serial: 15778- Total budget: 194250 - Total spend: 79253.72 - Difference: 114996.28 - Adjustment: 96496.28
- New budget amounts: {"062024":"18500","072024":"18500","082024":"18500","092024":"18500","102024":5253.720000000001,"112024":0,"122024":0,"012025":0,"022025":114996.28}
- Update result: {"status":"success","message":"Transaction committed successfully."}

- Budget name: RSA Printing - Third Party - Budget serial: 12049- Total budget: 490000 - Total spend: 284612.75 - Difference: 205387.25 - Adjustment: 125387.25
- New budget amounts: {"062024":"20000","072024":"150000","082024":"0","092024":114612.75,"102024":0,"112024":0,"122024":0,"012025":0,"022025":205387.25}
- Update result: {"status":"success","message":"Transaction committed successfully."}

- Budget name: RSA Procurement Entertainment - Budget serial: 16067- Total budget: 24000 - Total spend: 23838.51 - Difference: 161.49 - Adjustment: -1338.51
- New budget amounts: {"062024":"0","072024":"0","082024":"0","092024":"0","102024":"1500","112024":"1500","122024":"19000","012025":1838.510000000002,"022025":161.48999999999796}
- Update result: {"status":"success","message":"Transaction committed successfully."}

- Budget name: RSA Protective Clothing - Technical - Budget serial: 11915- Total budget: 638550.14 - Total spend: 209375.69 - Difference: 429174.45 - Adjustment: -13148.44
- New budget amounts: {"062024":"8687.95","072024":"135411.6","082024":"8687.95","092024":"8687.95","102024":"8687.95","112024":"8687.95","122024":"8687.95","012025":21836.389999999916,"022025":429174.45000000007}
- Update result: {"status":"success","message":"Transaction committed successfully."}

- Budget name: RSA R&M - Spray booth - Budget serial: 16060- Total budget: 140000 - Total spend: 0 - Difference: 140000 - Adjustment: 140000
- New budget amounts: {"062024":0,"072024":0,"082024":0,"092024":0,"102024":0,"112024":0,"122024":0,"012025":0,"022025":140000}
- Update result: {"status":"success","message":"Transaction committed successfully."}

- Budget name: RSA R&M - Testing Station - Budget serial: 16061- Total budget: 340000 - Total spend: 0 - Difference: 340000 - Adjustment: 315000
- New budget amounts: {"062024":0,"072024":0,"082024":0,"092024":0,"102024":0,"112024":0,"122024":0,"012025":0,"022025":340000}
- Update result: {"status":"success","message":"Transaction committed successfully."}

- Budget name: MOZ Fixed Assets - Furniture & Fittings Sales - Budget serial: 13256- Total budget: 20000 - Total spend: 0 - Difference: 20000 - Adjustment: 20000
- New budget amounts: {"062024":"0","072024":0,"082024":0,"092024":0,"102024":0,"112024":0,"122024":0,"012025":0,"022025":20000}
- Update result: {"status":"success","message":"Transaction committed successfully."}

- Budget name: RSA ICafe - Expenses - Budget serial: 12032- Total budget: 1125000 - Total spend: 455396.87 - Difference: 669603.13 - Adjustment: 544603.13
- New budget amounts: {"062024":"125000","072024":"125000","082024":"125000","092024":80396.87,"102024":0,"112024":0,"122024":0,"012025":0,"022025":669603.13}
- Update result: {"status":"success","message":"Transaction committed successfully."}

- Budget name: RSA Fleet Maintenance - Surplus (RFCs) - Budget serial: 11698- Total budget: 0 - Total spend: -18170.76 - Difference: 18170.76 - Adjustment: 18170.76
- New budget amounts: {"062024":0,"072024":0,"082024":0,"092024":0,"102024":0,"112024":0,"122024":0,"012025":0,"022025":18170.76}
- Update result: {"status":"success","message":"Transaction committed successfully."}

- Budget name: NAM Fuel Bulk (Depots) - Budget serial: 12138- Total budget: 10960951.74 - Total spend: 2812203.28 - Difference: 8148748.46 - Adjustment: 7161136.25
- New budget amounts: {"062024":"1210968.96","072024":"1159150.4","082024":442083.9200000011,"092024":0,"102024":0,"112024":0,"122024":0,"012025":0,"022025":8148748.459999999}
- Update result: {"status":"success","message":"Transaction committed successfully."}

- Budget name: RSA Refreshments - Resale on Coaches - Budget serial: 11938- Total budget: 117000 - Total spend: 94427.84 - Difference: 22572.16 - Adjustment: 9572.16
- New budget amounts: {"062024":"13000","072024":"13000","082024":"6000","092024":"6000","102024":"13000","112024":"27000","122024":"13000","012025":3427.8399999999965,"022025":22572.160000000003}
- Update result: {"status":"success","message":"Transaction committed successfully."}

- Budget name: RSA Toll Fees - Budget serial: 11954- Total budget: 21064546.83 - Total spend: 17082818.73 - Difference: 3981728.1 - Adjustment: 2175031.74
- New budget amounts: {"062024":"2836485.07","072024":"2173597.5","082024":"2050397.52","092024":"2283834.32","102024":"2073476.63","112024":"2208238.78","122024":"3138957.11","012025":317831.8000000017,"022025":3981728.0999999987}
- Update result: {"status":"success","message":"Transaction committed successfully."}

- Budget name: RSA Development - HR - Budget serial: 12412- Total budget: 15000 - Total spend: 4921 - Difference: 10079 - Adjustment: 10079
- New budget amounts: {"062024":4921,"072024":0,"082024":0,"092024":0,"102024":0,"112024":0,"122024":0,"012025":0,"022025":10079}
- Update result: {"status":"success","message":"Transaction committed successfully."}

- Budget name: RSA Development - Inspectorate - Budget serial: 16065- Total budget: 7200 - Total spend: 4800 - Difference: 2400 - Adjustment: 1600
- New budget amounts: {"062024":"800","072024":"800","082024":"800","092024":"800","102024":"800","112024":"800","122024":0,"012025":0,"022025":2400}
- Update result: {"status":"success","message":"Transaction committed successfully."}

- Budget name: RSA Development - Operational - Budget serial: 12405- Total budget: 14500 - Total spend: 0 - Difference: 14500 - Adjustment: 14500
- New budget amounts: {"062024":"0","072024":"0","082024":"0","092024":0,"102024":0,"112024":0,"122024":0,"012025":0,"022025":14500}
- Update result: {"status":"success","message":"Transaction committed successfully."}

- Budget name: RSA Development - Payroll - Budget serial: 12963- Total budget: 9000 - Total spend: 0 - Difference: 9000 - Adjustment: 6000
- New budget amounts: {"062024":"0","072024":"0","082024":0,"092024":0,"102024":0,"112024":0,"122024":0,"012025":0,"022025":9000}
- Update result: {"status":"success","message":"Transaction committed successfully."}

- Budget name: RSA Development - Procurement - Budget serial: 12959- Total budget: 5000 - Total spend: 0 - Difference: 5000 - Adjustment: 2500
- New budget amounts: {"062024":"0","072024":"0","082024":"0","092024":"0","102024":"0","112024":"0","122024":0,"012025":0,"022025":5000}
- Update result: {"status":"success","message":"Transaction committed successfully."}

- Budget name: RSA Development - Technical - Budget serial: 12410- Total budget: 142000 - Total spend: 85761.25 - Difference: 56238.75 - Adjustment: 26238.75
- New budget amounts: {"062024":"0","072024":"0","082024":"0","092024":"0","102024":"56000","112024":29761.25,"122024":0,"012025":0,"022025":56238.75}
- Update result: {"status":"success","message":"Transaction committed successfully."}

- Budget name: RSA Development - Training - Budget serial: 12413- Total budget: 150000 - Total spend: 25898.32 - Difference: 124101.68 - Adjustment: 74101.68
- New budget amounts: {"062024":"0","072024":"0","082024":25898.320000000007,"092024":0,"102024":0,"112024":0,"122024":0,"012025":0,"022025":124101.68}
- Update result: {"status":"success","message":"Transaction committed successfully."}

- Budget name: RSA Finance - Subscriptions - Budget serial: 12919- Total budget: 27216 - Total spend: 1544.63 - Difference: 25671.37 - Adjustment: 25512.37
- New budget amounts: {"062024":"318","072024":"527","082024":699.630000000001,"092024":0,"102024":0,"112024":0,"122024":0,"012025":0,"022025":25671.37}
- Update result: {"status":"success","message":"Transaction committed successfully."}

- Budget name: RSA Fixed Assets - Furniture & Fittings Sales - Budget serial: 11877- Total budget: 410000 - Total spend: 164719.3 - Difference: 245280.7 - Adjustment: 225280.7
- New budget amounts: {"062024":"40000","072024":"90000","082024":34719.29999999999,"092024":0,"102024":0,"112024":0,"122024":0,"012025":0,"022025":245280.7}
- Update result: {"status":"success","message":"Transaction committed successfully."}

- Budget name: RSA Fixed Assets - Leasehold Improvements - Budget serial: 12169- Total budget: 460000 - Total spend: 456490.87 - Difference: 3509.13 - Adjustment: 3509.13
- New budget amounts: {"062024":"100000","072024":"0","082024":356490.87,"092024":0,"102024":0,"112024":0,"122024":0,"012025":0,"022025":3509.1300000000047}
- Update result: {"status":"success","message":"Transaction committed successfully."}

- Budget name: RSA Fixed Assets - Leasehold Improvements New Offices - Budget serial: 14316- Total budget: 220000 - Total spend: 114511 - Difference: 105489 - Adjustment: 105489
- New budget amounts: {"062024":"0","072024":"0","082024":114511,"092024":0,"102024":0,"112024":0,"122024":0,"012025":0,"022025":105489}
- Update result: {"status":"success","message":"Transaction committed successfully."}

- Budget name: RSA Fixed Assets - Non Fleet Vehicles - Budget serial: 14958- Total budget: 5340000 - Total spend: 269855 - Difference: 5070145 - Adjustment: 5070145
- New budget amounts: {"062024":269855,"072024":0,"082024":0,"092024":0,"102024":0,"112024":0,"122024":0,"012025":0,"022025":5070145}
- Update result: {"status":"success","message":"Transaction committed successfully."}

- Budget name: RSA Fixed Assets - WIP Refurbishment (Body) - Budget serial: 16066- Total budget: 25400000 - Total spend: 145 - Difference: 25399855 - Adjustment: 24399855
- New budget amounts: {"062024":145,"072024":0,"082024":0,"092024":0,"102024":0,"112024":0,"122024":0,"012025":0,"022025":25399855}
- Update result: {"status":"success","message":"Transaction committed successfully."}

- Budget name: RSA Fixed Assets - WIP Refurbishment (Chassis) - Budget serial: 14938- Total budget: 51750000 - Total spend: 0 - Difference: 51750000 - Adjustment: 49500000
- New budget amounts: {"062024":0,"072024":0,"082024":0,"092024":0,"102024":0,"112024":0,"122024":0,"012025":0,"022025":51750000}
- Update result: {"status":"success","message":"Transaction committed successfully."}

- Budget name: RSA Fleet Maintenance - Breakdown Orders (Estimates) - Budget serial: 12735- Total budget: 2400000 - Total spend: 515033.24 - Difference: 1884966.76 - Adjustment: 1675647.26
- New budget amounts: {"062024":"250000","072024":224352.74,"082024":0,"092024":0,"102024":0,"112024":0,"122024":0,"012025":0,"022025":1925647.26}
- Update result: {"status":"success","message":"Transaction committed successfully."}

- Budget name: RSA Fleet Maintenance - Non Revenue Vehicles - Budget serial: 12071- Total budget: 1440634.11 - Total spend: 1421132.44 - Difference: 19501.67 - Adjustment: -103732.79
- New budget amounts: {"062024":"188275.44","072024":"235645.35","082024":"168111.19","092024":"157525.19","102024":"147122.16","112024":"167875.62","122024":"110732.64","012025":245844.85000000003,"022025":19501.66999999997}
- Update result: {"status":"success","message":"Transaction committed successfully."}

- Budget name: RSA Rental Coaches - Breakdowns - Budget serial: 11887- Total budget: 90000 - Total spend: 0 - Difference: 90000 - Adjustment: 80000
- New budget amounts: {"062024":0,"072024":0,"082024":0,"092024":0,"102024":0,"112024":0,"122024":0,"012025":0,"022025":90000}
- Update result: {"status":"success","message":"Transaction committed successfully."}

- Budget name: RSA Rental Premises Non-Related - Budget serial: 12064- Total budget: 22106509 - Total spend: 22039786.198838 - Difference: 66722.801162001 - Adjustment: -1714281.088338
- New budget amounts: {"062024":"1930931.1","072024":"2272377.35","082024":"2396483.18","092024":"2574474.72","102024":"2561998.11","112024":"2550988.73","122024":"2403215.09","012025":4435004.658337999,"022025":981036.0616620011}
- Update result: {"status":"success","message":"Transaction committed successfully."}

- Budget name: RSA Rental Workshop Equipment - Budget serial: 11931- Total budget: 723683.16 - Total spend: 499690.61 - Difference: 223992.55 - Adjustment: 144343.52
- New budget amounts: {"062024":"80409.24","072024":"80409.24","082024":"80409.24","092024":"80409.24","102024":"80409.24","112024":"80409.24","122024":16474.959999999992,"012025":0,"022025":224752.76}
- Update result: {"status":"success","message":"Transaction committed successfully."}

- Budget name: RSA Salaries Admin - SNT (HR) - Budget serial: 13558- Total budget: 6750 - Total spend: 5350 - Difference: 1400 - Adjustment: 650
- New budget amounts: {"062024":"750","072024":"750","082024":"750","092024":"750","102024":"750","112024":"750","122024":"750","012025":100,"022025":1400}
- Update result: {"status":"success","message":"Transaction committed successfully."}

- Budget name: RSA Salaries Admin - SNT (Inspectorate) - Budget serial: 13616- Total budget: 16200 - Total spend: 14525 - Difference: 1675 - Adjustment: -125
- New budget amounts: {"062024":"1800","072024":"1800","082024":"1800","092024":"1800","102024":"1800","112024":"1800","122024":"1800","012025":1925,"022025":1675}
- Update result: {"status":"success","message":"Transaction committed successfully."}

- Budget name: RSA Security - Premises (Alarms/Patrol/Guards) - Budget serial: 12091- Total budget: 6669000 - Total spend: 6485159.53 - Difference: 183840.47 - Adjustment: -557159.53
- New budget amounts: {"062024":"741000","072024":"741000","082024":"741000","092024":"741000","102024":"741000","112024":"741000","122024":"741000","012025":1298159.5299999993,"022025":183840.47000000067}
- Update result: {"status":"success","message":"Transaction committed successfully."}

- Budget name: RSA Staff functions - Budget serial: 12022- Total budget: 139400 - Total spend: 31719.4 - Difference: 107680.6 - Adjustment: 107680.6
- New budget amounts: {"062024":"0","072024":"0","082024":"0","092024":"0","102024":"0","112024":"0","122024":31719.399999999994,"012025":0,"022025":107680.6}
- Update result: {"status":"success","message":"Transaction committed successfully."}

- Budget name: RSA Stationery - IR - Budget serial: 12923- Total budget: 2700 - Total spend: 0 - Difference: 2700 - Adjustment: 2400
- New budget amounts: {"062024":0,"072024":0,"082024":0,"092024":0,"102024":0,"112024":0,"122024":0,"012025":0,"022025":2700}
- Update result: {"status":"success","message":"Transaction committed successfully."}

- Budget name: RSA Stationery - Training - Budget serial: 12924- Total budget: 9000 - Total spend: 246.94 - Difference: 8753.06 - Adjustment: 7753.06
- New budget amounts: {"062024":246.9399999999996,"072024":0,"082024":0,"092024":0,"102024":0,"112024":0,"122024":0,"012025":0,"022025":8753.060000000001}
- Update result: {"status":"success","message":"Transaction committed successfully."}

- Budget name: RSA Training - Consulting - Budget serial: 14516- Total budget: 150000 - Total spend: 0 - Difference: 150000 - Adjustment: 150000
- New budget amounts: {"062024":0,"072024":0,"082024":0,"092024":0,"102024":0,"112024":0,"122024":0,"012025":0,"022025":150000}
- Update result: {"status":"success","message":"Transaction committed successfully."}

- Budget name: RSA Training - Driver - Budget serial: 12954- Total budget: 297000 - Total spend: 239313.21 - Difference: 57686.79 - Adjustment: 24686.79
- New budget amounts: {"062024":"33000","072024":"33000","082024":"33000","092024":"33000","102024":"33000","112024":"33000","122024":"33000","012025":8313.209999999992,"022025":57686.79000000001}
- Update result: {"status":"success","message":"Transaction committed successfully."}

- Budget name: RSA LOGISTIC Luggage/Parcel Packaging - Budget serial: 11939- Total budget: 1344000 - Total spend: 1140061.76 - Difference: 203938.24 - Adjustment: 67938.24
- New budget amounts: {"062024":"136000","072024":"206000","082024":"136000","092024":"116000","102024":"156000","112024":"136000","122024":"186000","012025":68061.76000000001,"022025":203938.24}
- Update result: {"status":"success","message":"Transaction committed successfully."}

- Budget name: RSA Training - Equipment - Budget serial: 12409- Total budget: 53100 - Total spend: 0 - Difference: 53100 - Adjustment: 47200
- New budget amounts: {"062024":0,"072024":0,"082024":0,"092024":0,"102024":0,"112024":0,"122024":0,"012025":0,"022025":53100}
- Update result: {"status":"success","message":"Transaction committed successfully."}

- Budget name: RSA Training - Evaluations - Budget serial: 12951- Total budget: 1500 - Total spend: 0 - Difference: 1500 - Adjustment: 1000
- New budget amounts: {"062024":"0","072024":"0","082024":0,"092024":0,"102024":0,"112024":0,"122024":0,"012025":0,"022025":1500}
- Update result: {"status":"success","message":"Transaction committed successfully."}

- Budget name: RSA Training - Refreshers - Budget serial: 12952- Total budget: 25000 - Total spend: 7057.17 - Difference: 17942.83 - Adjustment: 12942.83
- New budget amounts: {"062024":"5000","072024":"0","082024":2057.17,"092024":0,"102024":0,"112024":0,"122024":0,"012025":0,"022025":17942.83}
- Update result: {"status":"success","message":"Transaction committed successfully."}

- Budget name: RSA Travel - Driver Accomodation - Budget serial: 12941- Total budget: 1072663 - Total spend: 1070884.99 - Difference: 1778.01 - Adjustment: -108919.99
- New budget amounts: {"062024":"118605","072024":"121230","082024":"121230","092024":"118605","102024":"121230","112024":"118605","122024":"121230","012025":230149.99,"022025":1778.0100000000093}
- Update result: {"status":"success","message":"Transaction committed successfully."}

- Budget name: RSA Travel - Exco - Budget serial: 12110- Total budget: 1620000 - Total spend: 1297558.47 - Difference: 322441.53 - Adjustment: 272441.53
- New budget amounts: {"062024":"70000","072024":"250000","082024":"250000","092024":"250000","102024":"270000","112024":207558.46999999997,"122024":0,"012025":0,"022025":322441.53}
- Update result: {"status":"success","message":"Transaction committed successfully."}

- Budget name: RSA Travel - Finance - Budget serial: 12111- Total budget: 22500 - Total spend: 21027.33 - Difference: 1472.67 - Adjustment: -1027.33
- New budget amounts: {"062024":"2500","072024":"2500","082024":"2500","092024":"2500","102024":"2500","112024":"2500","122024":"2500","012025":3527.3300000000017,"022025":1472.6699999999983}
- Update result: {"status":"success","message":"Transaction committed successfully."}

- Budget name: RSA Travel - HR - Budget serial: 12112- Total budget: 63000 - Total spend: 58504.06 - Difference: 4495.94 - Adjustment: -2504.06
- New budget amounts: {"062024":"7000","072024":"7000","082024":"7000","092024":"7000","102024":"7000","112024":"7000","122024":"7000","012025":9504.059999999998,"022025":4495.940000000002}
- Update result: {"status":"success","message":"Transaction committed successfully."}

- Budget name: RSA Fleet Maintenance - Refurbishment - Budget serial: 11875- Total budget: 4540000 - Total spend: 4081201.48 - Difference: 458798.52 - Adjustment: -161201.48
- New budget amounts: {"062024":"620000","072024":"620000","082024":"620000","092024":"620000","102024":"620000","112024":"620000","122024":"0","012025":361201.4799999995,"022025":458798.5200000005}
- Update result: {"status":"success","message":"Transaction committed successfully."}

- Budget name: RSA Fleet Maintenance - Small Accidents - Budget serial: 11926- Total budget: 3765268.85 - Total spend: 2143691.59 - Difference: 1621577.26 - Adjustment: 1293228.46
- New budget amounts: {"062024":"456176.85","072024":"401688.93","082024":"368830.94","092024":"410014.49","102024":"368739.9","112024":138240.4800000001,"122024":0,"012025":0,"022025":1621577.26}
- Update result: {"status":"success","message":"Transaction committed successfully."}

- Budget name: RSA Travel - Management Meetings - Budget serial: 12105- Total budget: 177500 - Total spend: 148063.5 - Difference: 29436.5 - Adjustment: 29436.5
- New budget amounts: {"062024":"0","072024":"0","082024":"0","092024":"0","102024":"85000","112024":"0","122024":"0","012025":63063.5,"022025":29436.5}
- Update result: {"status":"success","message":"Transaction committed successfully."}

- Budget name: RSA CPT - Canteen - Budget serial: 14436- Total budget: 180000 - Total spend: 165524.97 - Difference: 14475.03 - Adjustment: -5524.97
- New budget amounts: {"062024":"20000","072024":"20000","082024":"20000","092024":"20000","102024":"20000","112024":"20000","122024":"20000","012025":25524.969999999972,"022025":14475.030000000028}
- Update result: {"status":"success","message":"Transaction committed successfully."}

- Budget name: NAM Fuel On-Road - Budget serial: 11947- Total budget: 4054050.64 - Total spend: 730907.64 - Difference: 3323143 - Adjustment: 2958258.77
- New budget amounts: {"062024":"447892.63","072024":282618.00999999983,"082024":0,"092024":0,"102024":0,"112024":0,"122024":0,"012025":0,"022025":3323540}
- Update result: {"status":"success","message":"Transaction committed successfully."}

- Budget name: RSA Fleet Maintenance - Windows - Budget serial: 11924- Total budget: 8871675.33 - Total spend: 8137484 - Difference: 734191.33 - Adjustment: -11862.02
- New budget amounts: {"062024":"1077589.02","072024":"948477.69","082024":"866134.12","092024":"964362.3","102024":"864805.8","112024":"954934.89","122024":"1353631.99","012025":1080583.1899999995,"022025":761156.3300000004}
- Update result: {"status":"success","message":"Transaction committed successfully."}

- Budget name: RSA Fleet Maintenance Small Trailers - Tyres - Budget serial: 13879- Total budget: 8464105.47 - Total spend: 198524.5 - Difference: 8265580.97 - Adjustment: 7548208.32
- New budget amounts: {"062024":198524.5000000007,"072024":0,"082024":0,"092024":0,"102024":0,"112024":0,"122024":0,"012025":0,"022025":8265580.970000001}
- Update result: {"status":"success","message":"Transaction committed successfully."}

- Budget name: RSA Fuel Levy - Surplus - Budget serial: 16178- Total budget: 12684225.1 - Total spend: 0 - Difference: 12684225.1 - Adjustment: 12570313.55
- New budget amounts: {"062024":"0","072024":"0","082024":"0","092024":"0","102024":0,"112024":0,"122024":0,"012025":0,"022025":12684225.100000001}
- Update result: {"status":"success","message":"Transaction committed successfully."}

- Budget name: RSA HR - Agency - Budget serial: 12397- Total budget: 150000 - Total spend: 0 - Difference: 150000 - Adjustment: 150000
- New budget amounts: {"062024":0,"072024":0,"082024":0,"092024":0,"102024":0,"112024":0,"122024":0,"012025":0,"022025":150000}
- Update result: {"status":"success","message":"Transaction committed successfully."}

- Budget name: RSA HR - Assessment - Budget serial: 14416- Total budget: 25000 - Total spend: 0 - Difference: 25000 - Adjustment: 25000
- New budget amounts: {"062024":"0","072024":"0","082024":"0","092024":0,"102024":0,"112024":0,"122024":0,"012025":0,"022025":25000}
- Update result: {"status":"success","message":"Transaction committed successfully."}

- Budget name: RSA HR - Consulting - Budget serial: 12916- Total budget: 1935000 - Total spend: 1879943.79 - Difference: 55056.21 - Adjustment: -159943.79
- New budget amounts: {"062024":"215000","072024":"215000","082024":"215000","092024":"215000","102024":"215000","112024":"215000","122024":"215000","012025":374943.79000000004,"022025":55056.20999999996}
- Update result: {"status":"success","message":"Transaction committed successfully."}

- Budget name: RSA HR - Driver Licenses - Budget serial: 12972- Total budget: 15000 - Total spend: 305 - Difference: 14695 - Adjustment: 9695
- New budget amounts: {"062024":"0","072024":"0","082024":305,"092024":0,"102024":0,"112024":0,"122024":0,"012025":0,"022025":14695}
- Update result: {"status":"success","message":"Transaction committed successfully."}

- Budget name: RSA HR - Functions - Budget serial: 12974- Total budget: 135000 - Total spend: 36696.44 - Difference: 98303.56 - Adjustment: 83303.56
- New budget amounts: {"062024":"15000","072024":"15000","082024":6696.440000000002,"092024":0,"102024":0,"112024":0,"122024":0,"012025":0,"022025":98303.56}
- Update result: {"status":"success","message":"Transaction committed successfully."}

- Budget name: RSA HR - Funeral - Budget serial: 13976- Total budget: 9000 - Total spend: 0 - Difference: 9000 - Adjustment: 8000
- New budget amounts: {"062024":0,"072024":0,"082024":0,"092024":0,"102024":0,"112024":0,"122024":0,"012025":0,"022025":9000}
- Update result: {"status":"success","message":"Transaction committed successfully."}

- Budget name: RSA HR - Licenses - Budget serial: 12395- Total budget: 126000 - Total spend: 100 - Difference: 125900 - Adjustment: 111900
- New budget amounts: {"062024":100,"072024":0,"082024":0,"092024":0,"102024":0,"112024":0,"122024":0,"012025":0,"022025":125900}
- Update result: {"status":"success","message":"Transaction committed successfully."}

- Budget name: RSA HR - Medicals (Assessments) - Budget serial: 12399- Total budget: 22500 - Total spend: 360 - Difference: 22140 - Adjustment: 19640
- New budget amounts: {"062024":360,"072024":0,"082024":0,"092024":0,"102024":0,"112024":0,"122024":0,"012025":0,"022025":22140}
- Update result: {"status":"success","message":"Transaction committed successfully."}

- Budget name: RSA Cleaning Coaches - Material & Consumables - Budget serial: 11890- Total budget: 5534900.02 - Total spend: 5153871.66 - Difference: 381028.36 - Adjustment: 348218.02
- New budget amounts: {"062024":"683562.56","072024":"599584.59","082024":"528278.36","092024":"546549.2","102024":"604310.09","112024":"588071.49","122024":"854678.94","012025":314575.78999999864,"022025":815289.0000000014}
- Update result: {"status":"success","message":"Transaction committed successfully."}

- Budget name: BOT Office Maintenance - Budget serial: 12135- Total budget: 24000 - Total spend: 8147.74 - Difference: 15852.26 - Adjustment: 11852.26
- New budget amounts: {"062024":"4000","072024":4147.74,"082024":0,"092024":0,"102024":0,"112024":0,"122024":0,"012025":0,"022025":15852.26}
- Update result: {"status":"success","message":"Transaction committed successfully."}

- Budget name: RSA Entertainment - General - Budget serial: 12018- Total budget: 204000 - Total spend: 131968.94 - Difference: 72031.06 - Adjustment: 48075.04
- New budget amounts: {"062024":"24000","072024":"24000","082024":"24000","092024":"24000","102024":"24000","112024":11924.959999999992,"122024":0,"012025":0,"022025":72075.04000000001}
- Update result: {"status":"success","message":"Transaction committed successfully."}

- Budget name: RSA Fuel - Bulk (Depots) - Budget serial: 11944- Total budget: 205543660.84 - Total spend: 194158598.73 - Difference: 11385062.11 - Adjustment: -1807005.76
- New budget amounts: {"062024":"23987001.07","072024":"24146371.24","082024":"19696987.18","092024":"21878921.08","102024":"19157164.1","112024":"22676122.16","122024":"30614897.16","012025":26607790.24000002,"022025":16778406.60999998}
- Update result: {"status":"success","message":"Transaction committed successfully."}

- Budget name: BOT Fuel On-Road - Budget serial: 11949- Total budget: 1114219.6 - Total spend: 500584.08 - Difference: 613635.52 - Adjustment: 500961.63
- New budget amounts: {"062024":"121020.11","072024":"129366.32","082024":"129366.32","092024":120831.33000000006,"102024":0,"112024":0,"122024":0,"012025":0,"022025":613635.5199999999}
- Update result: {"status":"success","message":"Transaction committed successfully."}

- Budget name: NAM Cleaning Offices - Material & Consumables - Budget serial: 11990- Total budget: 11250 - Total spend: 4610.92 - Difference: 6639.08 - Adjustment: 5529.06
- New budget amounts: {"062024":"1250","072024":"1250","082024":"1250","092024":720.9399999999996,"102024":0,"112024":0,"122024":0,"012025":0,"022025":6779.06}
- Update result: {"status":"success","message":"Transaction committed successfully."}

- Budget name: NAM Fumigation Coaches - Outsourcing - Budget serial: 13356- Total budget: 83559.1 - Total spend: 67725.04 - Difference: 15834.06 - Adjustment: 8291.9
- New budget amounts: {"062024":"8534.54","072024":"8203.74","082024":"9063.82","092024":"8997.65","102024":"9129.97","112024":"8997.65","122024":"12305.61","012025":2492.0599999999904,"022025":15834.060000000009}
- Update result: {"status":"success","message":"Transaction committed successfully."}

- Budget name: RSA Fumigation Coaches - Outsourcing - Budget serial: 12637- Total budget: 1634000 - Total spend: 1129752.34 - Difference: 504247.66 - Adjustment: 332247.66
- New budget amounts: {"062024":"172000","072024":"193500","082024":"172000","092024":"193500","102024":"172000","112024":"193500","122024":33252.33999999985,"012025":0,"022025":504247.66000000015}
- Update result: {"status":"success","message":"Transaction committed successfully."}

- Budget name: RSA Uniforms - Budget serial: 11978- Total budget: 1845900.6 - Total spend: 938113.71 - Difference: 907786.89 - Adjustment: 762222.41
- New budget amounts: {"062024":"266828.48","072024":"105564.48","082024":"145564.48","092024":"228578.77","102024":"145564.48","112024":46013.019999999815,"122024":0,"012025":0,"022025":907786.8900000001}
- Update result: {"status":"success","message":"Transaction committed successfully."}

- Budget name: RSA Cleaning Coaches - Oyama (Logistics) - Budget serial: 11898- Total budget: 13287641 - Total spend: 11210939.78 - Difference: 2076701.22 - Adjustment: 655852.22
- New budget amounts: {"062024":"1420849","072024":"1420849","082024":"1420849","092024":"1420849","102024":"1420849","112024":"1420849","122024":"1670849","012025":1014996.7799999993,"022025":2076701.2200000007}
- Update result: {"status":"success","message":"Transaction committed successfully."}

- Budget name: RSA On Board Entertainment - Budget serial: 15104- Total budget: 85500 - Total spend: 0 - Difference: 85500 - Adjustment: 76000
- New budget amounts: {"062024":0,"072024":0,"082024":0,"092024":0,"102024":0,"112024":0,"122024":0,"012025":0,"022025":85500}
- Update result: {"status":"success","message":"Transaction committed successfully."}

- Budget name: RSA Operations - Alcohol & Drug Tests - Budget serial: 16064- Total budget: 69000 - Total spend: 480 - Difference: 68520 - Adjustment: 57020
- New budget amounts: {"062024":480,"072024":0,"082024":0,"092024":0,"102024":0,"112024":0,"122024":0,"012025":0,"022025":68520}
- Update result: {"status":"success","message":"Transaction committed successfully."}

- Budget name: RSA Operations - Toolboxes - Budget serial: 11912- Total budget: 67500 - Total spend: 256.9 - Difference: 67243.1 - Adjustment: 59743.1
- New budget amounts: {"062024":256.90000000000146,"072024":0,"082024":0,"092024":0,"102024":0,"112024":0,"122024":0,"012025":0,"022025":67243.1}
- Update result: {"status":"success","message":"Transaction committed successfully."}

- Budget name: RSA Operations Entertainment - Budget serial: 16138- Total budget: 31500 - Total spend: 18753.09 - Difference: 12746.91 - Adjustment: 9246.91
- New budget amounts: {"062024":"3500","072024":"3500","082024":"3500","092024":"3500","102024":"3500","112024":1253.0900000000001,"122024":0,"012025":0,"022025":12746.91}
- Update result: {"status":"success","message":"Transaction committed successfully."}

- Budget name: RSA Park Station Parking fees - Budget serial: 11940- Total budget: 10478325.76 - Total spend: 7544821.5775 - Difference: 2933504.1825 - Adjustment: 2026884.7425
- New budget amounts: {"062024":"1264993.91","072024":"1092119.5","082024":"1031419.22","092024":"1172729.48","102024":"1037732.05","112024":"1131453.29","122024":814374.1274999992,"012025":0,"022025":2933504.1825000006}
- Update result: {"status":"success","message":"Transaction committed successfully."}

- Budget name: RSA Travel - Inspectorate - Budget serial: 16062- Total budget: 126000 - Total spend: 85711.68 - Difference: 40288.32 - Adjustment: 26288.32
- New budget amounts: {"062024":"14000","072024":"14000","082024":"14000","092024":"14000","102024":"14000","112024":"14000","122024":1711.679999999993,"012025":0,"022025":40288.32000000001}
- Update result: {"status":"success","message":"Transaction committed successfully."}

- Budget name: RSA Travel - Internal Audit - Budget serial: 12113- Total budget: 77800 - Total spend: 20260.56 - Difference: 57539.44 - Adjustment: 57539.44
- New budget amounts: {"062024":"9800","072024":"8700","082024":1760.5599999999977,"092024":0,"102024":0,"112024":0,"122024":0,"012025":0,"022025":57539.44}
- Update result: {"status":"success","message":"Transaction committed successfully."}

- Budget name: RSA Travel - OHS - Budget serial: 15738- Total budget: 45100 - Total spend: 16635.65 - Difference: 28464.35 - Adjustment: 23364.35
- New budget amounts: {"062024":"0","072024":"5100","082024":"5100","092024":6435.6500000000015,"102024":0,"112024":0,"122024":0,"012025":0,"022025":28464.35}
- Update result: {"status":"success","message":"Transaction committed successfully."}

- Budget name: RSA Travel - Training - Budget serial: 12939- Total budget: 49500 - Total spend: 46860.52 - Difference: 2639.48 - Adjustment: -2860.52
- New budget amounts: {"062024":"5500","072024":"5500","082024":"5500","092024":"5500","102024":"5500","112024":"5500","122024":"5500","012025":8360.520000000004,"022025":2639.479999999996}
- Update result: {"status":"success","message":"Transaction committed successfully."}

- Budget name: RSA WCA - Budget serial: 12061- Total budget: 5754531.51 - Total spend: 0 - Difference: 5754531.51 - Adjustment: 5115139.12
- New budget amounts: {"062024":2.3283064365386963e-10,"072024":0,"082024":0,"092024":0,"102024":0,"112024":0,"122024":0,"012025":0,"022025":5754531.51}
- Update result: {"status":"success","message":"Transaction committed successfully."}

- Budget name: RSA Water and Electricity Related - Budget serial: 12017- Total budget: 7957041.9 - Total spend: 2103999.233768 - Difference: 5853042.666232 - Adjustment: 5022581.8262355
- New budget amounts: {"062024":"811909.87","072024":"767391.45","082024":418305.2837645003,"092024":0,"102024":0,"112024":0,"122024":0,"012025":0,"022025":5959435.296235499}
- Update result: {"status":"success","message":"Transaction committed successfully."}

- Budget name: S&T Charters (RSA, NAM, BIGSKY) - Budget serial: 15398- Total budget: 513000 - Total spend: 273580.14 - Difference: 239419.86 - Adjustment: 96419.86
- New budget amounts: {"062024":"50000","072024":"35000","082024":"60000","092024":"35000","102024":"68000","112024":23580.140000000014,"122024":0,"012025":0,"022025":241419.86}
- Update result: {"status":"success","message":"Transaction committed successfully."}

- Budget name: Unknown - Budget serial: 16318- Total budget: 370000 - Total spend: 341700.62 - Difference: 28299.38 - Adjustment: 28299.38
- New budget amounts: {"062024":0,"072024":0,"082024":0,"092024":341700.62,"102024":0,"112024":0,"122024":0,"012025":0,"022025":28299.380000000005}
- Update result: {"status":"success","message":"Transaction committed successfully."}

- Budget name: RSA Cross Border Fees - Budget serial: 11941- Total budget: 443500 - Total spend: 442693.67 - Difference: 806.32999999996 - Adjustment: -42694.07
- New budget amounts: {"062024":"45500","072024":"45500","082024":"45500","092024":"45500","102024":"45500","112024":"62500","122024":"62500","012025":88194.07000000007,"022025":2805.929999999935}
- Update result: {"status":"success","message":"Transaction committed successfully."}

- Budget name: Unknown - Budget serial: 16319- Total budget: 150000 - Total spend: 137913.95 - Difference: 12086.05 - Adjustment: 12086.05
- New budget amounts: {"062024":0,"072024":0,"082024":0,"092024":137913.95,"102024":0,"112024":0,"122024":0,"012025":0,"022025":12086.049999999988}
- Update result: {"status":"success","message":"Transaction committed successfully."}

- Budget name: Unknown - Budget serial: 16338- Total budget: 150000 - Total spend: 129958.18 - Difference: 20041.82 - Adjustment: 20041.82
- New budget amounts: {"062024":0,"072024":0,"082024":0,"092024":129958.18,"102024":0,"112024":0,"122024":0,"012025":0,"022025":20041.820000000007}
- Update result: {"status":"success","message":"Transaction committed successfully."}

- Budget name: Unknown - Budget serial: 16438- Total budget: 230000 - Total spend: 222603.64 - Difference: 7396.36 - Adjustment: 7396.36
- New budget amounts: {"062024":0,"072024":0,"082024":0,"092024":0,"102024":222603.64,"112024":0,"122024":0,"012025":0,"022025":7396.359999999986}
- Update result: {"status":"success","message":"Transaction committed successfully."}

- Budget name: RSA HR - Passport Renewals - Budget serial: 12971- Total budget: 4050 - Total spend: 2400 - Difference: 1650 - Adjustment: 1200
- New budget amounts: {"062024":"450","072024":"450","082024":"450","092024":"450","102024":"450","112024":150,"122024":0,"012025":0,"022025":1650}
- Update result: {"status":"success","message":"Transaction committed successfully."}

- Budget name: RSA HR - PrDPs Renewal - Budget serial: 12054- Total budget: 40500 - Total spend: 34090 - Difference: 6410 - Adjustment: 1910
- New budget amounts: {"062024":"4500","072024":"4500","082024":"4500","092024":"4500","102024":"4500","112024":"4500","122024":"4500","012025":2590,"022025":6410}
- Update result: {"status":"success","message":"Transaction committed successfully."}

- Budget name: RSA HR - Refreshments - Budget serial: 12414- Total budget: 6750 - Total spend: 403.4 - Difference: 6346.6 - Adjustment: 5596.6
- New budget amounts: {"062024":403.39999999999964,"072024":0,"082024":0,"092024":0,"102024":0,"112024":0,"122024":0,"012025":0,"022025":6346.6}
- Update result: {"status":"success","message":"Transaction committed successfully."}

- Budget name: RSA HR - Relocation - Budget serial: 12398- Total budget: 67500 - Total spend: 0 - Difference: 67500 - Adjustment: 60000
- New budget amounts: {"062024":0,"072024":0,"082024":0,"092024":0,"102024":0,"112024":0,"122024":0,"012025":0,"022025":67500}
- Update result: {"status":"success","message":"Transaction committed successfully."}

- Budget name: RSA Fuel - On-Road - Budget serial: 11943- Total budget: 88988700.37 - Total spend: 54263438.36 - Difference: 34725262.01 - Adjustment: 26349870.88
- New budget amounts: {"062024":"10918985.57","072024":"10225033.52","082024":"7441169.09","092024":"6845050.16","102024":"9620425.58","112024":9177510.890000004,"122024":0,"012025":0,"022025":34760525.559999995}
- Update result: {"status":"success","message":"Transaction committed successfully."}

- Budget name: MOZ Toll Fees - Budget serial: 12177- Total budget: 658849.53 - Total spend: 450772.94 - Difference: 208076.59 - Adjustment: 140003.57
- New budget amounts: {"062024":"72935.37","072024":"75366.55","082024":"75366.55","092024":"72935.37","102024":"75366.55","112024":"72935.37","122024":5867.179999999993,"012025":0,"022025":208076.59000000003}
- Update result: {"status":"success","message":"Transaction committed successfully."}

- Budget name: NAM Cleaning - Waste Removal - Budget serial: 12167- Total budget: 7650 - Total spend: 4994.4 - Difference: 2655.6 - Adjustment: 1805.6
- New budget amounts: {"062024":"850","072024":"850","082024":"850","092024":"850","102024":"850","112024":744.3999999999996,"122024":0,"012025":0,"022025":2655.6000000000004}
- Update result: {"status":"success","message":"Transaction committed successfully."}

- Budget name: RSA Water Dispensers - Budget serial: 12815- Total budget: 195720 - Total spend: 92690.58 - Difference: 103029.42 - Adjustment: 80349.42
- New budget amounts: {"062024":"21000","072024":"21000","082024":"21000","092024":"21000","102024":8690.580000000002,"112024":0,"122024":0,"012025":0,"022025":103029.42}
- Update result: {"status":"success","message":"Transaction committed successfully."}

- Budget name: RSA Marketing - Charter Accommodation and Travel - Budget serial: 14056- Total budget: 91500 - Total spend: 79076.41 - Difference: 12423.59 - Adjustment: 3923.59
- New budget amounts: {"062024":"8500","072024":"8500","082024":"8500","092024":"8500","102024":"23500","112024":"8500","122024":"8500","012025":4576.4100000000035,"022025":12423.589999999997}
- Update result: {"status":"success","message":"Transaction committed successfully."}

- Budget name: RSA Salaries - Oyama (parcel) - Budget serial: 11977- Total budget: 2790675 - Total spend: 512734.55 - Difference: 2277940.45 - Adjustment: 1967865.45
- New budget amounts: {"062024":"310075","072024":202659.55000000005,"082024":0,"092024":0,"102024":0,"112024":0,"122024":0,"012025":0,"022025":2277940.45}
- Update result: {"status":"success","message":"Transaction committed successfully."}

- Budget name: RSA Logistics - Advertising - Budget serial: 12178- Total budget: 58500 - Total spend: 19697 - Difference: 38803 - Adjustment: 32303
- New budget amounts: {"062024":"6500","072024":"6500","082024":"6500","092024":197,"102024":0,"112024":0,"122024":0,"012025":0,"022025":38803}
- Update result: {"status":"success","message":"Transaction committed successfully."}

- Budget name: RSA Marketing - Charters - Budget serial: 12044- Total budget: 366000 - Total spend: 258467.23 - Difference: 107532.77 - Adjustment: 52532.77
- New budget amounts: {"062024":"55000","072024":"46000","082024":"55000","092024":"20000","102024":"40000","112024":"20000","122024":22467.23000000001,"012025":0,"022025":107532.76999999999}
- Update result: {"status":"success","message":"Transaction committed successfully."}

- Budget name: RSA Marketing - Signage - Budget serial: 12048- Total budget: 240000 - Total spend: 94652.33 - Difference: 145347.67 - Adjustment: 110347.67
- New budget amounts: {"062024":"20000","072024":"35000","082024":"20000","092024":19652.33,"102024":0,"112024":0,"122024":0,"012025":0,"022025":145347.66999999998}
- Update result: {"status":"success","message":"Transaction committed successfully."}

- Budget name: RSA Marketing - Travel - Budget serial: 12050- Total budget: 465000 - Total spend: 383481.35 - Difference: 81518.65 - Adjustment: 51518.65
- New budget amounts: {"062024":"30000","072024":"30000","082024":"30000","092024":"60000","102024":"30000","112024":"130000","122024":73481.35000000003,"012025":0,"022025":81518.64999999997}
- Update result: {"status":"success","message":"Transaction committed successfully."}

- Budget name: RSA Office Maintenance - Budget serial: 14896- Total budget: 530000 - Total spend: 369464.52 - Difference: 160535.48 - Adjustment: 108535.48
- New budget amounts: {"062024":"52000","072024":"44000","082024":"52000","092024":"52000","102024":"122000","112024":47464.52000000002,"122024":0,"012025":0,"022025":160535.47999999998}
- Update result: {"status":"success","message":"Transaction committed successfully."}

- Budget name: RSA Stationery - Budget serial: 12094- Total budget: 672968.4 - Total spend: 389161.23 - Difference: 283807.17 - Adjustment: 209962.17
- New budget amounts: {"062024":"82626","072024":"70600","082024":"65600","092024":"90871.4","102024":"65600","112024":13863.829999999958,"122024":0,"012025":0,"022025":283807.17000000004}
- Update result: {"status":"success","message":"Transaction committed successfully."}

- Budget name: RSA Cleaning Offices - Outsourcing - Budget serial: 12537- Total budget: 456982.09 - Total spend: 382851.99 - Difference: 74130.1 - Adjustment: 25122.47
- New budget amounts: {"062024":"49007.63","072024":"49007.63","082024":"49007.63","092024":"49007.63","102024":"49007.63","112024":"49007.63","122024":"64921.05","012025":23885.160000000025,"022025":74130.09999999998}
- Update result: {"status":"success","message":"Transaction committed successfully."}

- Budget name: RSA Travel - Logistics - Budget serial: 12116- Total budget: 21000 - Total spend: 0 - Difference: 21000 - Adjustment: 14000
- New budget amounts: {"062024":"0","072024":"0","082024":0,"092024":0,"102024":0,"112024":0,"122024":0,"012025":0,"022025":21000}
- Update result: {"status":"success","message":"Transaction committed successfully."}

- Budget name: RSA Travel - Procurement - Budget serial: 13096- Total budget: 175500 - Total spend: 91504.61 - Difference: 83995.39 - Adjustment: 65495.39
- New budget amounts: {"062024":"18500","072024":"18500","082024":"18500","092024":"18500","102024":17504.610000000015,"112024":0,"122024":0,"012025":0,"022025":83995.38999999998}
- Update result: {"status":"success","message":"Transaction committed successfully."}

- Budget name: Unknown - Budget serial: 16458- Total budget: 430000 - Total spend: 384872.91 - Difference: 45127.09 - Adjustment: -157427.41
- New budget amounts: {"062024":0,"072024":0,"082024":0,"092024":0,"102024":0,"112024":0,"122024":0,"012025":357427.41,"022025":72572.59000000003}
- Update result: {"status":"success","message":"Transaction committed successfully."}

- Budget name: BOT Cleaning Offices - Material & Consumables - Budget serial: 11993- Total budget: 4500 - Total spend: 2662.01 - Difference: 1837.99 - Adjustment: 1337.99
- New budget amounts: {"062024":"500","072024":"500","082024":"500","092024":"500","102024":"500","112024":162.00999999999976,"122024":0,"012025":0,"022025":1837.9900000000002}
- Update result: {"status":"success","message":"Transaction committed successfully."}

- Budget name: BOT Cleaning Offices - Outsourcing - Budget serial: 12536- Total budget: 2250 - Total spend: 400.48 - Difference: 1849.52 - Adjustment: 1599.52
- New budget amounts: {"062024":"250","072024":150.48000000000002,"082024":0,"092024":0,"102024":0,"112024":0,"122024":0,"012025":0,"022025":1849.52}
- Update result: {"status":"success","message":"Transaction committed successfully."}

- Budget name: BOT Computer Expenses - Budget serial: 12927- Total budget: 54000 - Total spend: 26864.4 - Difference: 27135.6 - Adjustment: 21135.6
- New budget amounts: {"062024":"6000","072024":"6000","082024":"6000","092024":"6000","102024":2864.4000000000015,"112024":0,"122024":0,"012025":0,"022025":27135.6}
- Update result: {"status":"success","message":"Transaction committed successfully."}

- Budget name: BOT Consulting Secretarial - Budget serial: 12000- Total budget: 5000 - Total spend: 0 - Difference: 5000 - Adjustment: 5000
- New budget amounts: {"062024":"0","072024":"0","082024":"0","092024":"0","102024":"0","112024":0,"122024":0,"012025":0,"022025":5000}
- Update result: {"status":"success","message":"Transaction committed successfully."}

- Budget name: BOT HR - Advertising - Budget serial: 12335- Total budget: 700 - Total spend: 628.37 - Difference: 71.63 - Adjustment: 71.63
- New budget amounts: {"062024":"350","072024":"0","082024":"0","092024":"0","102024":"0","112024":"0","122024":"0","012025":278.37,"022025":71.63}
- Update result: {"status":"success","message":"Transaction committed successfully."}

- Budget name: BOT HR - Medical (Assessments) - Budget serial: 13761- Total budget: 1000 - Total spend: 0 - Difference: 1000 - Adjustment: 1000
- New budget amounts: {"062024":"0","072024":"0","082024":0,"092024":0,"102024":0,"112024":0,"122024":0,"012025":0,"022025":1000}
- Update result: {"status":"success","message":"Transaction committed successfully."}

- Budget name: BOT HR - Travel - Budget serial: 13763- Total budget: 3000 - Total spend: 0 - Difference: 3000 - Adjustment: 3000
- New budget amounts: {"062024":"0","072024":"0","082024":0,"092024":0,"102024":0,"112024":0,"122024":0,"012025":0,"022025":3000}
- Update result: {"status":"success","message":"Transaction committed successfully."}

- Budget name: BOT Marketing - Advertising - Budget serial: 12418- Total budget: 47831 - Total spend: 42658.87 - Difference: 5172.13 - Adjustment: 5172.13
- New budget amounts: {"062024":"16290","072024":"17364","082024":"0","092024":9004.870000000003,"102024":0,"112024":0,"122024":0,"012025":0,"022025":5172.129999999997}
- Update result: {"status":"success","message":"Transaction committed successfully."}

- Budget name: BOT Marketing - Travel - Budget serial: 15018- Total budget: 12000 - Total spend: 7149.78 - Difference: 4850.22 - Adjustment: 4850.22
- New budget amounts: {"062024":"0","072024":"4000","082024":"0","092024":3149.7799999999997,"102024":0,"112024":0,"122024":0,"012025":0,"022025":4850.22}
- Update result: {"status":"success","message":"Transaction committed successfully."}

- Budget name: BOT Security - Premises (Alarms/Patrol/Guards) - Budget serial: 12090- Total budget: 12105 - Total spend: 7376.23 - Difference: 4728.77 - Adjustment: 3383.77
- New budget amounts: {"062024":"1345","072024":"1345","082024":"1345","092024":"1345","102024":"1345","112024":651.2299999999996,"122024":0,"012025":0,"022025":4728.77}
- Update result: {"status":"success","message":"Transaction committed successfully."}

- Budget name: RSA General Expenses - MD - Budget serial: 12033- Total budget: 1350000 - Total spend: 1304788.36 - Difference: 45211.64 - Adjustment: -104788.36
- New budget amounts: {"062024":"150000","072024":"150000","082024":"150000","092024":"150000","102024":"150000","112024":"150000","122024":"150000","012025":254788.3600000001,"022025":45211.6399999999}
- Update result: {"status":"success","message":"Transaction committed successfully."}

- Budget name: BOT Telecommunication - Budget serial: 12098- Total budget: 49500 - Total spend: 26658.02 - Difference: 22841.98 - Adjustment: 17341.98
- New budget amounts: {"062024":"5500","072024":"5500","082024":"5500","092024":"5500","102024":4658.02,"112024":0,"122024":0,"012025":0,"022025":22841.98}
- Update result: {"status":"success","message":"Transaction committed successfully."}

- Budget name: BOT Travel - Operational - Budget serial: 12175- Total budget: 5400 - Total spend: 1762.38 - Difference: 3637.62 - Adjustment: 3037.62
- New budget amounts: {"062024":"600","072024":"600","082024":562.3800000000001,"092024":0,"102024":0,"112024":0,"122024":0,"012025":0,"022025":3637.62}
- Update result: {"status":"success","message":"Transaction committed successfully."}

- Budget name: BOT Water and Electricity Related - Budget serial: 13816- Total budget: 17550 - Total spend: 0 - Difference: 17550 - Adjustment: 15600
- New budget amounts: {"062024":0,"072024":0,"082024":0,"092024":0,"102024":0,"112024":0,"122024":0,"012025":0,"022025":17550}
- Update result: {"status":"success","message":"Transaction committed successfully."}

- Budget name: MOZ Cleaning Offices - Material & Consumables - Budget serial: 11994- Total budget: 2250 - Total spend: 0 - Difference: 2250 - Adjustment: 2000
- New budget amounts: {"062024":0,"072024":0,"082024":0,"092024":0,"102024":0,"112024":0,"122024":0,"012025":0,"022025":2250}
- Update result: {"status":"success","message":"Transaction committed successfully."}

- Budget name: MOZ Computer Expenses - Budget serial: 12929- Total budget: 90000 - Total spend: 58294.67 - Difference: 31705.33 - Adjustment: 21705.33
- New budget amounts: {"062024":"10000","072024":"10000","082024":"10000","092024":"10000","102024":"10000","112024":8294.669999999998,"122024":0,"012025":0,"022025":31705.33}
- Update result: {"status":"success","message":"Transaction committed successfully."}

- Budget name: MOZ Consulting Secretarial - Budget serial: 12005- Total budget: 18000 - Total spend: 0 - Difference: 18000 - Adjustment: 16000
- New budget amounts: {"062024":0,"072024":0,"082024":0,"092024":0,"102024":0,"112024":0,"122024":0,"012025":0,"022025":18000}
- Update result: {"status":"success","message":"Transaction committed successfully."}

- Budget name: MOZ Fixed Assets - Leasehold Improvement (Depot) - Budget serial: 14157- Total budget: 675000 - Total spend: 301888.93 - Difference: 373111.07 - Adjustment: 373111.07
- New budget amounts: {"062024":"0","072024":"0","082024":301888.93,"092024":0,"102024":0,"112024":0,"122024":0,"012025":0,"022025":373111.07}
- Update result: {"status":"success","message":"Transaction committed successfully."}

- Budget name: MOZ Fleet Maintenance - Non Revenue Vehicles - Budget serial: 12360- Total budget: 8000 - Total spend: 144.1 - Difference: 7855.9 - Adjustment: 7855.9
- New budget amounts: {"062024":"0","072024":144.10000000000036,"082024":0,"092024":0,"102024":0,"112024":0,"122024":0,"012025":0,"022025":7855.9}
- Update result: {"status":"success","message":"Transaction committed successfully."}

- Budget name: MOZ Fuel On-Road - Budget serial: 12275- Total budget: 58667.5 - Total spend: 20173.45 - Difference: 38494.05 - Adjustment: 32432.46
- New budget amounts: {"062024":"6494.56","072024":"6711.04","082024":"6711.04","092024":256.81000000000677,"102024":0,"112024":0,"122024":0,"012025":0,"022025":38494.049999999996}
- Update result: {"status":"success","message":"Transaction committed successfully."}

- Budget name: MOZ HR - Drivers Licenses - Budget serial: 13769- Total budget: 2000 - Total spend: 0 - Difference: 2000 - Adjustment: 2000
- New budget amounts: {"062024":0,"072024":0,"082024":0,"092024":0,"102024":0,"112024":0,"122024":0,"012025":0,"022025":2000}
- Update result: {"status":"success","message":"Transaction committed successfully."}

- Budget name: MOZ HR - Medical (Assessments) - Budget serial: 13772- Total budget: 1500 - Total spend: 0 - Difference: 1500 - Adjustment: 1500
- New budget amounts: {"062024":0,"072024":0,"082024":0,"092024":0,"102024":0,"112024":0,"122024":0,"012025":0,"022025":1500}
- Update result: {"status":"success","message":"Transaction committed successfully."}

- Budget name: MOZ HR - Passport Renewal - Budget serial: 13770- Total budget: 5000 - Total spend: 766.73 - Difference: 4233.27 - Adjustment: 4233.27
- New budget amounts: {"062024":"0","072024":"0","082024":766.7299999999996,"092024":0,"102024":0,"112024":0,"122024":0,"012025":0,"022025":4233.27}
- Update result: {"status":"success","message":"Transaction committed successfully."}

- Budget name: MOZ HR - PrDPs Renewal - Budget serial: 13768- Total budget: 1000 - Total spend: 0 - Difference: 1000 - Adjustment: 1000
- New budget amounts: {"062024":0,"072024":0,"082024":0,"092024":0,"102024":0,"112024":0,"122024":0,"012025":0,"022025":1000}
- Update result: {"status":"success","message":"Transaction committed successfully."}

- Budget name: MOZ HR - Travel - Budget serial: 13774- Total budget: 10000 - Total spend: 0 - Difference: 10000 - Adjustment: 10000
- New budget amounts: {"062024":0,"072024":0,"082024":0,"092024":0,"102024":0,"112024":0,"122024":0,"012025":0,"022025":10000}
- Update result: {"status":"success","message":"Transaction committed successfully."}

- Budget name: MOZ IR - Legal Fees - Budget serial: 12986- Total budget: 4000 - Total spend: 0 - Difference: 4000 - Adjustment: 4000
- New budget amounts: {"062024":"0","072024":"0","082024":0,"092024":0,"102024":0,"112024":0,"122024":0,"012025":0,"022025":4000}
- Update result: {"status":"success","message":"Transaction committed successfully."}

- Budget name: MOZ Legal - Commercial - Budget serial: 12896- Total budget: 75000 - Total spend: 57.64 - Difference: 74942.36 - Adjustment: 49942.36
- New budget amounts: {"062024":"0","072024":"0","082024":57.63999999999942,"092024":0,"102024":0,"112024":0,"122024":0,"012025":0,"022025":74942.36}
- Update result: {"status":"success","message":"Transaction committed successfully."}

- Budget name: MOZ Office Maintenance - Budget serial: 12136- Total budget: 45000 - Total spend: 16013.93 - Difference: 28986.07 - Adjustment: 23986.07
- New budget amounts: {"062024":"5000","072024":"5000","082024":"5000","092024":1013.9300000000003,"102024":0,"112024":0,"122024":0,"012025":0,"022025":28986.07}
- Update result: {"status":"success","message":"Transaction committed successfully."}

- Budget name: MOZ Permits - Budget serial: 16039- Total budget: 84090 - Total spend: 0 - Difference: 84090 - Adjustment: 84090
- New budget amounts: {"062024":"0","072024":0,"082024":0,"092024":0,"102024":0,"112024":0,"122024":0,"012025":0,"022025":84090}
- Update result: {"status":"success","message":"Transaction committed successfully."}

- Budget name: MOZ Staff functions - Budget serial: 12027- Total budget: 3800 - Total spend: 0 - Difference: 3800 - Adjustment: 3800
- New budget amounts: {"062024":"0","072024":"0","082024":"0","092024":"0","102024":"0","112024":"0","122024":0,"012025":0,"022025":3800}
- Update result: {"status":"success","message":"Transaction committed successfully."}

- Budget name: MOZ Telecommunication - Budget serial: 12101- Total budget: 90000 - Total spend: 52214.25 - Difference: 37785.75 - Adjustment: 27785.75
- New budget amounts: {"062024":"10000","072024":"10000","082024":"10000","092024":"10000","102024":"10000","112024":2214.25,"122024":0,"012025":0,"022025":37785.75}
- Update result: {"status":"success","message":"Transaction committed successfully."}

- Budget name: MOZ Travel - IR - Budget serial: 12940- Total budget: 10000 - Total spend: 0 - Difference: 10000 - Adjustment: 5000
- New budget amounts: {"062024":"0","072024":"0","082024":"0","092024":0,"102024":0,"112024":0,"122024":0,"012025":0,"022025":10000}
- Update result: {"status":"success","message":"Transaction committed successfully."}

- Budget name: MOZ Water and Electricity Related - Budget serial: 11583- Total budget: 67500 - Total spend: 0 - Difference: 67500 - Adjustment: 60000
- New budget amounts: {"062024":0,"072024":0,"082024":0,"092024":0,"102024":0,"112024":0,"122024":0,"012025":0,"022025":67500}
- Update result: {"status":"success","message":"Transaction committed successfully."}

- Budget name: NAM Cleaning Coaches - Material & Consumables - Budget serial: 11893- Total budget: 11250 - Total spend: 6151.9 - Difference: 5098.1 - Adjustment: 3848.1
- New budget amounts: {"062024":"1250","072024":"1250","082024":"1250","092024":"1250","102024":1151.9000000000005,"112024":0,"122024":0,"012025":0,"022025":5098.099999999999}
- Update result: {"status":"success","message":"Transaction committed successfully."}

- Budget name: NAM Computer Expenses - Budget serial: 12515- Total budget: 108000 - Total spend: 71050.08 - Difference: 36949.92 - Adjustment: 24949.92
- New budget amounts: {"062024":"12000","072024":"12000","082024":"12000","092024":"12000","102024":"12000","112024":11050.080000000002,"122024":0,"012025":0,"022025":36949.92}
- Update result: {"status":"success","message":"Transaction committed successfully."}

- Budget name: NAM Consulting Secretarial - Budget serial: 12004- Total budget: 3000 - Total spend: 0 - Difference: 3000 - Adjustment: 3000
- New budget amounts: {"062024":0,"072024":0,"082024":0,"092024":0,"102024":0,"112024":0,"122024":0,"012025":0,"022025":3000}
- Update result: {"status":"success","message":"Transaction committed successfully."}

- Budget name: NAM Fleet Maintenance - Lubricants - Budget serial: 16119- Total budget: 378431.88 - Total spend: 0 - Difference: 378431.88 - Adjustment: 346574.36
- New budget amounts: {"062024":2.1827872842550278e-11,"072024":0,"082024":0,"092024":0,"102024":0,"112024":0,"122024":0,"012025":0,"022025":378431.88}
- Update result: {"status":"success","message":"Transaction committed successfully."}

- Budget name: NAM Fleet Maintenance - Non Revenue Vehicles - Budget serial: 12315- Total budget: 18433.05 - Total spend: 10841.29 - Difference: 7591.76 - Adjustment: 7591.76
- New budget amounts: {"062024":"3686.61","072024":"3686.61","082024":"0","092024":"0","102024":3468.070000000002,"112024":0,"122024":0,"012025":0,"022025":7591.759999999998}
- Update result: {"status":"success","message":"Transaction committed successfully."}

- Budget name: NAM Fleet Maintenance - Parts - Budget serial: 11918- Total budget: 4565371.18 - Total spend: 2450778.48 - Difference: 2114592.7 - Adjustment: 1756217.99
- New budget amounts: {"062024":"513005.91","072024":"461086.3","082024":"431052.52","092024":"447789.43","102024":"492339.35","112024":100500.16999999993,"122024":0,"012025":0,"022025":2119597.5}
- Update result: {"status":"success","message":"Transaction committed successfully."}

- Budget name: NAM Fleet Maintenance - Tyres - Budget serial: 11923- Total budget: 1066895.23 - Total spend: 475035.01 - Difference: 591860.22 - Adjustment: 500847.56
- New budget amounts: {"062024":"117170.72","072024":"109427.48","082024":"109382.76","092024":"113147.23","102024":25906.81999999986,"112024":0,"122024":0,"012025":0,"022025":591860.2200000001}
- Update result: {"status":"success","message":"Transaction committed successfully."}

- Budget name: NAM Fleet Maintenance - Units - Budget serial: 16118- Total budget: 332761.55 - Total spend: 0 - Difference: 332761.55 - Adjustment: 305779.63
- New budget amounts: {"062024":0,"072024":0,"082024":0,"092024":0,"102024":0,"112024":0,"122024":0,"012025":0,"022025":332761.55}
- Update result: {"status":"success","message":"Transaction committed successfully."}

- Budget name: NAM Fleet Maintenance - Windows - Budget serial: 11925- Total budget: 434187.06 - Total spend: 91482.42 - Difference: 342704.64 - Adjustment: 306172.9
- New budget amounts: {"062024":"47246.14","072024":"43192.21","082024":1044.070000000058,"092024":0,"102024":0,"112024":0,"122024":0,"012025":0,"022025":342704.63999999996}
- Update result: {"status":"success","message":"Transaction committed successfully."}

- Budget name: NAM HR - Advertising - Budget serial: 12968- Total budget: 9000 - Total spend: 0 - Difference: 9000 - Adjustment: 4500
- New budget amounts: {"062024":"0","072024":"0","082024":"0","092024":0,"102024":0,"112024":0,"122024":0,"012025":0,"022025":9000}
- Update result: {"status":"success","message":"Transaction committed successfully."}

- Budget name: NAM HR - Drivers Licenses - Budget serial: 12979- Total budget: 1500 - Total spend: 0 - Difference: 1500 - Adjustment: 1000
- New budget amounts: {"062024":"0","072024":"0","082024":0,"092024":0,"102024":0,"112024":0,"122024":0,"012025":0,"022025":1500}
- Update result: {"status":"success","message":"Transaction committed successfully."}

- Budget name: NAM HR - Functions - Budget serial: 12967- Total budget: 2000 - Total spend: 0 - Difference: 2000 - Adjustment: 2000
- New budget amounts: {"062024":"0","072024":"0","082024":"0","092024":0,"102024":0,"112024":0,"122024":0,"012025":0,"022025":2000}
- Update result: {"status":"success","message":"Transaction committed successfully."}

- Budget name: NAM HR - Passport Renewals - Budget serial: 12978- Total budget: 3150 - Total spend: 2000 - Difference: 1150 - Adjustment: 800
- New budget amounts: {"062024":"350","072024":"350","082024":"350","092024":"350","102024":"350","112024":250,"122024":0,"012025":0,"022025":1150}
- Update result: {"status":"success","message":"Transaction committed successfully."}

- Budget name: NAM HR - PrDPs Renewal - Budget serial: 12355- Total budget: 7650 - Total spend: 2340 - Difference: 5310 - Adjustment: 4460
- New budget amounts: {"062024":"850","072024":"850","082024":640,"092024":0,"102024":0,"112024":0,"122024":0,"012025":0,"022025":5310}
- Update result: {"status":"success","message":"Transaction committed successfully."}

- Budget name: NAM HR - Travel - Budget serial: 12932- Total budget: 100000 - Total spend: 0 - Difference: 100000 - Adjustment: 90000
- New budget amounts: {"062024":0,"072024":0,"082024":0,"092024":0,"102024":0,"112024":0,"122024":0,"012025":0,"022025":100000}
- Update result: {"status":"success","message":"Transaction committed successfully."}

- Budget name: NAM IR - Legal Fees - Budget serial: 12180- Total budget: 45000 - Total spend: 11640 - Difference: 33360 - Adjustment: 28360
- New budget amounts: {"062024":"5000","072024":"5000","082024":1640,"092024":0,"102024":0,"112024":0,"122024":0,"012025":0,"022025":33360}
- Update result: {"status":"success","message":"Transaction committed successfully."}

- Budget name: NAM Marketing - Charters  - Budget serial: 15378- Total budget: 37000 - Total spend: 0 - Difference: 37000 - Adjustment: 27000
- New budget amounts: {"062024":0,"072024":0,"082024":0,"092024":0,"102024":0,"112024":0,"122024":0,"012025":0,"022025":37000}
- Update result: {"status":"success","message":"Transaction committed successfully."}

- Budget name: NAM Refreshments - Breakdown - Budget serial: 12595- Total budget: 45000 - Total spend: 38312.33 - Difference: 6687.67 - Adjustment: 1687.67
- New budget amounts: {"062024":"5000","072024":"5000","082024":"5000","092024":"5000","102024":"5000","112024":"5000","122024":"5000","012025":3312.3300000000017,"022025":6687.669999999998}
- Update result: {"status":"success","message":"Transaction committed successfully."}

- Budget name: NAM Rental - Workshop Equipment - Budget serial: 16063- Total budget: 45000 - Total spend: 0 - Difference: 45000 - Adjustment: 40000
- New budget amounts: {"062024":0,"072024":0,"082024":0,"092024":0,"102024":0,"112024":0,"122024":0,"012025":0,"022025":45000}
- Update result: {"status":"success","message":"Transaction committed successfully."}

- Budget name: NAM Security - Cash Collections - Budget serial: 12088- Total budget: 64800 - Total spend: 20640.17 - Difference: 44159.83 - Adjustment: 36959.83
- New budget amounts: {"062024":"7200","072024":"7200","082024":6240.169999999998,"092024":0,"102024":0,"112024":0,"122024":0,"012025":0,"022025":44159.83}
- Update result: {"status":"success","message":"Transaction committed successfully."}

- Budget name: RSA Cleaning - Waste Removal - Budget serial: 11899- Total budget: 866552.71 - Total spend: 793883.02 - Difference: 72669.69 - Adjustment: -336.96999999997
- New budget amounts: {"062024":"82845.9","072024":"93719.52","082024":"88980.59","092024":"114589.68","102024":"84298.17","112024":"91919.94","122024":"133592.66","012025":103936.55999999997,"022025":72669.69000000003}
- Update result: {"status":"success","message":"Transaction committed successfully."}

- Budget name: RSA Cleaning Coaches Express - Oyama - Budget serial: 15619- Total budget: 1210031 - Total spend: 858392.15 - Difference: 351638.85 - Adjustment: 225593.85
- New budget amounts: {"062024":"126045","072024":"126045","082024":"126045","092024":"126045","102024":"126045","112024":"126045","122024":102122.1499999999,"012025":0,"022025":351638.8500000001}
- Update result: {"status":"success","message":"Transaction committed successfully."}

- Budget name: NAM Security - Premises (Alarms/Patrol/Guards) - Budget serial: 12276- Total budget: 32551.11 - Total spend: 9376 - Difference: 23175.11 - Adjustment: 19558.32
- New budget amounts: {"062024":"3616.79","072024":"3616.79","082024":2142.419999999999,"092024":0,"102024":0,"112024":0,"122024":0,"012025":0,"022025":23175.110000000004}
- Update result: {"status":"success","message":"Transaction committed successfully."}

- Budget name: NAM Staff functions - Budget serial: 12025- Total budget: 5000 - Total spend: 0 - Difference: 5000 - Adjustment: 5000
- New budget amounts: {"062024":"0","072024":"0","082024":"0","092024":"0","102024":"0","112024":"0","122024":0,"012025":0,"022025":5000}
- Update result: {"status":"success","message":"Transaction committed successfully."}

- Budget name: NAM Travel - Driver Accomodation - Budget serial: 12942- Total budget: 259700 - Total spend: 138109.54 - Difference: 121590.46 - Adjustment: 94200.46
- New budget amounts: {"062024":"27750","072024":"28250","082024":"28250","092024":"28250","102024":23559.540000000008,"112024":0,"122024":0,"012025":0,"022025":123640.45999999999}
- Update result: {"status":"success","message":"Transaction committed successfully."}

- Budget name: NAM Travel - Technical - Budget serial: 12126- Total budget: 90000 - Total spend: 850 - Difference: 89150 - Adjustment: 79150
- New budget amounts: {"062024":850,"072024":0,"082024":0,"092024":0,"102024":0,"112024":0,"122024":0,"012025":0,"022025":89150}
- Update result: {"status":"success","message":"Transaction committed successfully."}

- Budget name: NAM WCA - Budget serial: 11598- Total budget: 2000 - Total spend: 0 - Difference: 2000 - Adjustment: 1000
- New budget amounts: {"062024":"0","072024":"0","082024":"0","092024":"0","102024":"0","112024":"0","122024":"0","012025":0,"022025":2000}
- Update result: {"status":"success","message":"Transaction committed successfully."}

- Budget name: NAM Water and Electricity Related - Budget serial: 11597- Total budget: 1800 - Total spend: 0 - Difference: 1800 - Adjustment: 1600
- New budget amounts: {"062024":0,"072024":0,"082024":0,"092024":0,"102024":0,"112024":0,"122024":0,"012025":0,"022025":1800}
- Update result: {"status":"success","message":"Transaction committed successfully."}

- Budget name: Nam Office Maintenance - Budget serial: 15438- Total budget: 90000 - Total spend: 79402.3 - Difference: 10597.7 - Adjustment: -39402.3
- New budget amounts: {"062024":"5000","072024":"0","082024":"5000","092024":"0","102024":"0","112024":"30000","122024":"0","012025":39402.3,"022025":10597.699999999997}
- Update result: {"status":"success","message":"Transaction committed successfully."}

- Budget name: RSA  R&M - Forklifts & Tractors - Budget serial: 16059- Total budget: 295000 - Total spend: 0 - Difference: 295000 - Adjustment: 260000
- New budget amounts: {"062024":"0","072024":0,"082024":0,"092024":0,"102024":0,"112024":0,"122024":0,"012025":0,"022025":295000}
- Update result: {"status":"success","message":"Transaction committed successfully."}

- Budget name: RSA - Computer Cloud Services - Budget serial: 16068- Total budget: 600000 - Total spend: 351614.37 - Difference: 248385.63 - Adjustment: 248385.63
- New budget amounts: {"062024":"0","072024":"200000","082024":"0","092024":"0","102024":151614.37,"112024":0,"122024":0,"012025":0,"022025":248385.63}
- Update result: {"status":"success","message":"Transaction committed successfully."}

- Budget name: RSA Agency Fees - Budget serial: 12915- Total budget: 3503102.82 - Total spend: 0 - Difference: 3503102.82 - Adjustment: 3208538.28
- New budget amounts: {"062024":0,"072024":0,"082024":0,"092024":0,"102024":0,"112024":0,"122024":0,"012025":0,"022025":3503102.8200000003}
- Update result: {"status":"success","message":"Transaction committed successfully."}

- Budget name: RSA Computer Expenses - IR (Lexis & Mantis) - Budget serial: 12931- Total budget: 4200 - Total spend: 0 - Difference: 4200 - Adjustment: 4200
- New budget amounts: {"062024":0,"072024":0,"082024":0,"092024":0,"102024":0,"112024":0,"122024":0,"012025":0,"022025":4200}
- Update result: {"status":"success","message":"Transaction committed successfully."}

- Budget name: RSA Computer Rental Equipment - Budget serial: 11996- Total budget: 198000 - Total spend: 196728.440006 - Difference: 1271.559994 - Adjustment: -19369.690006
- New budget amounts: {"062024":"22000","072024":"22000","082024":"22000","092024":"22000","102024":"22000","112024":"22000","122024":"22000","012025":41369.69000599996,"022025":2630.3099940000393}
- Update result: {"status":"success","message":"Transaction committed successfully."}

- Budget name: RSA Depot Maintenance - Generator Service and Repairs - Budget serial: 16058- Total budget: 153750 - Total spend: 0 - Difference: 153750 - Adjustment: 150000
- New budget amounts: {"062024":0,"072024":0,"082024":0,"092024":0,"102024":0,"112024":0,"122024":0,"012025":0,"022025":153750}
- Update result: {"status":"success","message":"Transaction committed successfully."}

- Budget name: RSA Directors Fees - Budget serial: 12015- Total budget: 251306.08 - Total spend: 0 - Difference: 251306.08 - Adjustment: 251306.08
- New budget amounts: {"062024":0,"072024":0,"082024":0,"092024":0,"102024":0,"112024":0,"122024":0,"012025":0,"022025":251306.08000000002}
- Update result: {"status":"success","message":"Transaction committed successfully."}

Budget update ended: 2025-02-05 10:12:41
