_                
| |    ___   __ _ 
| |   / _ \ / _` |
| |__| (_) | (_| |
|_____\___/ \__, |
            |___/ 

Budget update started: 2025-02-03 10:41:53

Selected date range: ["062024","072024","082024","092024","102024","112024","122024","012025","022025"]

Selected date range: ["062024","072024","082024","092024","102024","112024","122024","012025","022025"]

Selected date range: ["062024","072024","082024","092024","102024","112024","122024","012025","022025"]

Selected date range: ["062024","072024","082024","092024","102024","112024","122024","012025","022025"]

Selected date range: ["062024","072024","082024","092024","102024","112024","122024","012025","022025"]

Selected date range: ["062024","072024","082024","092024","102024","112024","122024","012025","022025"]

Selected date range: ["062024","072024","082024","092024","102024","112024","122024","012025","022025"]

Selected date range: ["062024","072024","082024","092024","102024","112024","122024","012025","022025"]

Selected date range: ["062024","072024","082024","092024","102024","112024","122024","012025","022025"]

Selected date range: ["062024","072024","082024","092024","102024","112024","122024","012025","022025"]

Selected date range: ["062024","072024","082024","092024","102024","112024","122024","012025","022025"]

Selected date range: ["062024","072024","082024","092024","102024","112024","122024","012025","022025"]

Selected date range: ["062024","072024","082024","092024","102024","112024","122024","012025","022025"]

Selected date range: ["062024","072024","082024","092024","102024","112024","122024","012025","022025"]

Selected date range: ["062024","072024","082024","092024","102024","112024","122024","012025","022025"]

Selected date range: ["062024","072024","082024","092024","102024","112024","122024","012025","022025"]

Selected date range: ["062024","072024","082024","092024","102024","112024","122024","012025","022025"]

Selected date range: ["062024","072024","082024","092024","102024","112024","122024","012025","022025"]

Selected date range: ["062024","072024","082024","092024","102024","112024","122024","012025","022025"]

Selected date range: ["062024","072024","082024","092024","102024","112024","122024","012025","022025"]

Selected date range: ["062024","072024","082024","092024","102024","112024","122024","012025","022025"]

Selected date range: ["062024","072024","082024","092024","102024","112024","122024","012025","022025"]

Selected date range: ["062024","072024","082024","092024","102024","112024","122024","012025","022025"]

Selected date range: ["062024","072024","082024","092024","102024","112024","122024","012025","022025"]

