 _                
| |    ___   __ _ 
| |   / _ \ / _` |
| |__| (_) | (_| |
|_____\___/ \__, |
            |___/ 


--- START --------------------------------------------------------------------------------------------------------------------------------
[2025-01-23 10:46:08]

From ZAZACAPETOWN to ZAZABEZVALLEY
Search Date: 2025-01-23

CHECK 1: IC has routes that we not listed in the CTK data
--------------------------------------------------------
Intercape has route 1235 running but CTK does not have it
Please check IC route 1235 on 2025-01-23 - No Intercape


CHECK 2: CTK has a route that IC does not have
----------------------------------------------
CTK has route 2105 running but Intercape does not have it
Please check CTK route 2105 on 2025-01-23 - No CTK

CTK has route 2615 running but Intercape does not have it
Please check CTK route 2615 on 2025-01-23 - No CTK

CTK has route 0221 running but Intercape does not have it
Please check CTK route 0221 on 2025-01-23 - No CTK

CTK has route 9033 running but Intercape does not have it
Please check CTK route 9033 on 2025-01-23 - No CTK

------------
CARRIERS LIST
------------
["FF Gertse","Delta Coaches","Delta Coaches","Delta Coaches","Eagle Liner Transport","Eagle Liner Transport","FF Gertse","FF Gertse","Intercity Xpress","Intercity Xpress","Greyhound Premium","Greyhound Premium","Greyhound Premium","Big Sky","Big Sky","Intercape Sleepliner","Intercape Sleepliner","Intercape Sleepliner","Intercape Mainliner","Intercape Mainliner"]

From ZAZACAPETOWN to ZAZABEZVALLEY
Search Date: 2025-01-23

CHECK 1: IC has routes that we not listed in the CTK data
--------------------------------------------------------
Intercape has route 0148 running but CTK does not have it
Please check IC route 0148 on 2025-01-23 - No Intercape


CHECK 2: CTK has a route that IC does not have
----------------------------------------------
CTK has route 2107 running but Intercape does not have it
Please check CTK route 2107 on 2025-01-23 - No CTK

CTK has route 2105 running but Intercape does not have it
Please check CTK route 2105 on 2025-01-23 - No CTK

CTK has route 2615 running but Intercape does not have it
Please check CTK route 2615 on 2025-01-23 - No CTK

CTK has route 0221 running but Intercape does not have it
Please check CTK route 0221 on 2025-01-23 - No CTK

CTK has route 9033 running but Intercape does not have it
Please check CTK route 9033 on 2025-01-23 - No CTK

------------
CARRIERS LIST
------------
["FF Gertse","Delta Coaches","Delta Coaches","Delta Coaches","Eagle Liner Transport","Eagle Liner Transport","FF Gertse","FF Gertse","Intercity Xpress","Intercity Xpress","Greyhound Premium","Greyhound Premium","Greyhound Premium","Big Sky","Big Sky","Intercape Sleepliner","Intercape Sleepliner","Intercape Sleepliner","Intercape Mainliner","Intercape Mainliner"]

--- END ----------------------------------------------------------------------------------------------------------------------------------

--- START --------------------------------------------------------------------------------------------------------------------------------
[2025-01-23 13:36:21]

From ZAZACAPETOWN to ZAZABEZVALLEY
Search Date: 2025-01-23

CHECK 1: IC has routes that we not listed in the CTK data
--------------------------------------------------------
Intercape has route 1235 running but CTK does not have it
Please check IC route 1235 on 2025-01-23 - No Intercape


CHECK 2: CTK has a route that IC does not have
----------------------------------------------
CTK has route 2105 running but Intercape does not have it
Please check CTK route 2105 on 2025-01-23 - No CTK

CTK has route 2615 running but Intercape does not have it
Please check CTK route 2615 on 2025-01-23 - No CTK

CTK has route 0221 running but Intercape does not have it
Please check CTK route 0221 on 2025-01-23 - No CTK

CTK has route 9033 running but Intercape does not have it
Please check CTK route 9033 on 2025-01-23 - No CTK

------------
CARRIERS LIST
------------
["FF Gertse","Delta Coaches","Delta Coaches","Delta Coaches","Eagle Liner Transport","Eagle Liner Transport","FF Gertse","FF Gertse","Intercity Xpress","Intercity Xpress","Greyhound Premium","Greyhound Premium","Greyhound Premium","Big Sky","Big Sky","Intercape Sleepliner","Intercape Sleepliner","Intercape Sleepliner","Intercape Mainliner","Intercape Mainliner"]

From ZAZACAPETOWN to ZAZABEZVALLEY
Search Date: 2025-01-23

CHECK 1: IC has routes that we not listed in the CTK data
--------------------------------------------------------
Intercape has route 0148 running but CTK does not have it
Please check IC route 0148 on 2025-01-23 - No Intercape


CHECK 2: CTK has a route that IC does not have
----------------------------------------------
CTK has route 2107 running but Intercape does not have it
Please check CTK route 2107 on 2025-01-23 - No CTK

CTK has route 2105 running but Intercape does not have it
Please check CTK route 2105 on 2025-01-23 - No CTK

CTK has route 2615 running but Intercape does not have it
Please check CTK route 2615 on 2025-01-23 - No CTK

CTK has route 0221 running but Intercape does not have it
Please check CTK route 0221 on 2025-01-23 - No CTK

CTK has route 9033 running but Intercape does not have it
Please check CTK route 9033 on 2025-01-23 - No CTK

------------
CARRIERS LIST
------------
["FF Gertse","Delta Coaches","Delta Coaches","Delta Coaches","Eagle Liner Transport","Eagle Liner Transport","FF Gertse","FF Gertse","Intercity Xpress","Intercity Xpress","Greyhound Premium","Greyhound Premium","Greyhound Premium","Big Sky","Big Sky","Intercape Sleepliner","Intercape Sleepliner","Intercape Sleepliner","Intercape Mainliner","Intercape Mainliner"]

--- END ----------------------------------------------------------------------------------------------------------------------------------

--- START --------------------------------------------------------------------------------------------------------------------------------
[2025-01-23 13:36:56]

From ZAZACAPETOWN to ZAZABEZVALLEY
Search Date: 2025-01-23

CHECK 1: IC has routes that we not listed in the CTK data
--------------------------------------------------------
Intercape has route 1235 running but CTK does not have it
Please check IC route 1235 on 2025-01-23 - No Intercape


CHECK 2: CTK has a route that IC does not have
----------------------------------------------
CTK has route 2105 running but Intercape does not have it
Please check CTK route 2105 on 2025-01-23 - No CTK

CTK has route 2615 running but Intercape does not have it
Please check CTK route 2615 on 2025-01-23 - No CTK

CTK has route 0221 running but Intercape does not have it
Please check CTK route 0221 on 2025-01-23 - No CTK

CTK has route 9033 running but Intercape does not have it
Please check CTK route 9033 on 2025-01-23 - No CTK

------------
CARRIERS LIST
------------
["FF Gertse","Delta Coaches","Delta Coaches","Delta Coaches","Eagle Liner Transport","Eagle Liner Transport","FF Gertse","FF Gertse","Intercity Xpress","Intercity Xpress","Greyhound Premium","Greyhound Premium","Greyhound Premium","Big Sky","Big Sky","Intercape Sleepliner","Intercape Sleepliner","Intercape Sleepliner","Intercape Mainliner","Intercape Mainliner"]

From ZAZACAPETOWN to ZAZABEZVALLEY
Search Date: 2025-01-23

CHECK 1: IC has routes that we not listed in the CTK data
--------------------------------------------------------
Intercape has route 0148 running but CTK does not have it
Please check IC route 0148 on 2025-01-23 - No Intercape


CHECK 2: CTK has a route that IC does not have
----------------------------------------------
CTK has route 2107 running but Intercape does not have it
Please check CTK route 2107 on 2025-01-23 - No CTK

CTK has route 2105 running but Intercape does not have it
Please check CTK route 2105 on 2025-01-23 - No CTK

CTK has route 2615 running but Intercape does not have it
Please check CTK route 2615 on 2025-01-23 - No CTK

CTK has route 0221 running but Intercape does not have it
Please check CTK route 0221 on 2025-01-23 - No CTK

CTK has route 9033 running but Intercape does not have it
Please check CTK route 9033 on 2025-01-23 - No CTK

------------
CARRIERS LIST
------------
["FF Gertse","Delta Coaches","Delta Coaches","Delta Coaches","Eagle Liner Transport","Eagle Liner Transport","FF Gertse","FF Gertse","Intercity Xpress","Intercity Xpress","Greyhound Premium","Greyhound Premium","Greyhound Premium","Big Sky","Big Sky","Intercape Sleepliner","Intercape Sleepliner","Intercape Sleepliner","Intercape Mainliner","Intercape Mainliner"]

--- END ----------------------------------------------------------------------------------------------------------------------------------

--- START --------------------------------------------------------------------------------------------------------------------------------
[2025-01-23 13:37:07]

From ZAZACAPETOWN to ZAZABEZVALLEY
Search Date: 2025-01-23

CHECK 1: IC has routes that we not listed in the CTK data
--------------------------------------------------------
Intercape has route 1235 running but CTK does not have it
Please check IC route 1235 on 2025-01-23 - No Intercape


CHECK 2: CTK has a route that IC does not have
----------------------------------------------
CTK has route 2105 running but Intercape does not have it
Please check CTK route 2105 on 2025-01-23 - No CTK

CTK has route 2615 running but Intercape does not have it
Please check CTK route 2615 on 2025-01-23 - No CTK

CTK has route 0221 running but Intercape does not have it
Please check CTK route 0221 on 2025-01-23 - No CTK

CTK has route 9033 running but Intercape does not have it
Please check CTK route 9033 on 2025-01-23 - No CTK

------------
CARRIERS LIST
------------
["FF Gertse","Delta Coaches","Delta Coaches","Delta Coaches","Eagle Liner Transport","Eagle Liner Transport","FF Gertse","FF Gertse","Intercity Xpress","Intercity Xpress","Greyhound Premium","Greyhound Premium","Greyhound Premium","Big Sky","Big Sky","Intercape Sleepliner","Intercape Sleepliner","Intercape Sleepliner","Intercape Mainliner","Intercape Mainliner"]

From ZAZACAPETOWN to ZAZABEZVALLEY
Search Date: 2025-01-23

CHECK 1: IC has routes that we not listed in the CTK data
--------------------------------------------------------
Intercape has route 0148 running but CTK does not have it
Please check IC route 0148 on 2025-01-23 - No Intercape


CHECK 2: CTK has a route that IC does not have
----------------------------------------------
CTK has route 2107 running but Intercape does not have it
Please check CTK route 2107 on 2025-01-23 - No CTK

CTK has route 2105 running but Intercape does not have it
Please check CTK route 2105 on 2025-01-23 - No CTK

CTK has route 2615 running but Intercape does not have it
Please check CTK route 2615 on 2025-01-23 - No CTK

CTK has route 0221 running but Intercape does not have it
Please check CTK route 0221 on 2025-01-23 - No CTK

CTK has route 9033 running but Intercape does not have it
Please check CTK route 9033 on 2025-01-23 - No CTK

------------
CARRIERS LIST
------------
["FF Gertse","Delta Coaches","Delta Coaches","Delta Coaches","Eagle Liner Transport","Eagle Liner Transport","FF Gertse","FF Gertse","Intercity Xpress","Intercity Xpress","Greyhound Premium","Greyhound Premium","Greyhound Premium","Big Sky","Big Sky","Intercape Sleepliner","Intercape Sleepliner","Intercape Sleepliner","Intercape Mainliner","Intercape Mainliner"]

--- END ----------------------------------------------------------------------------------------------------------------------------------

--- START --------------------------------------------------------------------------------------------------------------------------------
[2025-01-23 14:35:12]

--- START --------------------------------------------------------------------------------------------------------------------------------
[2025-01-23 14:35:46]

From ZAZABEZVALLEY to ZAZACAPETOWN
Search Date: 2025-01-23

CHECK 1: IC has routes that we not listed in the CTK data
--------------------------------------------------------
Intercape has route 2107 running but CTK does not have it
Please check IC route 2107 on 2025-01-23 - No Intercape

Intercape has route 1235 running but CTK does not have it
Please check IC route 1235 on 2025-01-23 - No Intercape


CHECK 2: CTK has a route that IC does not have
----------------------------------------------
CTK has route 2616 running but Intercape does not have it
Please check CTK route 2616 on 2025-01-23 - No CTK

CTK has route 0106 running but Intercape does not have it
Please check CTK route 0106 on 2025-01-23 - No CTK

CTK has route 1640 running but Intercape does not have it
Please check CTK route 1640 on 2025-01-23 - No CTK

CTK has route 2106 running but Intercape does not have it
Please check CTK route 2106 on 2025-01-23 - No CTK

CTK has route 9034 running but Intercape does not have it
Please check CTK route 9034 on 2025-01-23 - No CTK

CTK has route 9046 running but Intercape does not have it
Please check CTK route 9046 on 2025-01-23 - No CTK

------------
CARRIERS LIST
------------
["Eagle Liner Transport","Big Sky","Intercity Xpress","Intercape Sleepliner","Intercape Mainliner","Greyhound Premium","Intercape Budgetliner","Intercape Sleepliner","FF Gertse","FF Gertse","Intercape Mainliner","Intercape Mainliner"]

No services available for this route/date combination: [0148] ZAZABURBAN to ZAZAJOHANNESBURG on 2025-01-23

--- END ----------------------------------------------------------------------------------------------------------------------------------

--- START --------------------------------------------------------------------------------------------------------------------------------
[2025-01-23 14:47:27]

From ZAZABEZVALLEY to ZAZACAPETOWN
Search Date: 2025-01-23

CHECK 1: IC has routes that we not listed in the CTK data
--------------------------------------------------------
Intercape has route 2107 running but CTK does not have it
Please check IC route 2107 on 2025-01-23 - No Intercape

Intercape has route 1235 running but CTK does not have it
Please check IC route 1235 on 2025-01-23 - No Intercape


CHECK 2: CTK has a route that IC does not have
----------------------------------------------
CTK has route 2616 running but Intercape does not have it
Please check CTK route 2616 on 2025-01-23 - No CTK

CTK has route 0106 running but Intercape does not have it
Please check CTK route 0106 on 2025-01-23 - No CTK

CTK has route 1640 running but Intercape does not have it
Please check CTK route 1640 on 2025-01-23 - No CTK

CTK has route 2106 running but Intercape does not have it
Please check CTK route 2106 on 2025-01-23 - No CTK

CTK has route 9034 running but Intercape does not have it
Please check CTK route 9034 on 2025-01-23 - No CTK

CTK has route 9046 running but Intercape does not have it
Please check CTK route 9046 on 2025-01-23 - No CTK

------------
CARRIERS LIST
------------
["Eagle Liner Transport","Big Sky","Intercity Xpress","Intercape Sleepliner","Intercape Mainliner","Greyhound Premium","Intercape Budgetliner","Intercape Sleepliner","FF Gertse","FF Gertse","Intercape Mainliner","Intercape Mainliner"]

No services available for this route/date combination: [0148] ZAZABURBAN to ZAZAJOHANNESBURG on 2025-01-23

--- END ----------------------------------------------------------------------------------------------------------------------------------

--- START --------------------------------------------------------------------------------------------------------------------------------
[2025-01-23 14:48:57]

From ZAZABEZVALLEY to ZAZACAPETOWN
Search Date: 2025-01-23

CHECK 1: IC has routes that we not listed in the CTK data
--------------------------------------------------------
Intercape has route 2107 running but CTK does not have it
Please check IC route 2107 on 2025-01-23 - No Intercape

Intercape has route 1235 running but CTK does not have it
Please check IC route 1235 on 2025-01-23 - No Intercape


CHECK 2: CTK has a route that IC does not have
----------------------------------------------
CTK has route 2616 running but Intercape does not have it
Please check CTK route 2616 on 2025-01-23 - No CTK

CTK has route 0106 running but Intercape does not have it
Please check CTK route 0106 on 2025-01-23 - No CTK

CTK has route 1640 running but Intercape does not have it
Please check CTK route 1640 on 2025-01-23 - No CTK

CTK has route 2106 running but Intercape does not have it
Please check CTK route 2106 on 2025-01-23 - No CTK

CTK has route 9034 running but Intercape does not have it
Please check CTK route 9034 on 2025-01-23 - No CTK

CTK has route 9046 running but Intercape does not have it
Please check CTK route 9046 on 2025-01-23 - No CTK

------------
CARRIERS LIST
------------
["Eagle Liner Transport","Big Sky","Intercity Xpress","Intercape Sleepliner","Intercape Mainliner","Greyhound Premium","Intercape Budgetliner","Intercape Sleepliner","FF Gertse","FF Gertse","Intercape Mainliner","Intercape Mainliner"]

No services available for this route/date combination: [0148] ZAZABURBAN to ZAZAJOHANNESBURG on 2025-01-23

--- END ----------------------------------------------------------------------------------------------------------------------------------

--- START --------------------------------------------------------------------------------------------------------------------------------
[2025-01-23 15:22:06]

No services available for this route/date combination: [0000] ZAZAJOHANNESBURG to ZAZABUTTERWORTH on 2025-01-23

No services available for this route/date combination: [0000] ZAZAJOHANNESBURG to ZAZAMOSSELBAY on 2025-01-23

From ZAZAJOHANNESBURG to ZAZAMOSSELBAY
Search Date: 2025-01-23

CHECK 1: IC has routes that we not listed in the CTK data
--------------------------------------------------------
Intercape has route 0000 running but CTK does not have it
Please check IC route 0000 on 2025-01-23 - No Intercape


CHECK 2: CTK has a route that IC does not have
----------------------------------------------
No services available for this route/date combination: [0000] ZAZAWINDHOEK to ZAZACAPETOWN on 2025-01-23

From ZAZAWINDHOEK to ZAZACAPETOWN
Search Date: 2025-01-23

CHECK 1: IC has routes that we not listed in the CTK data
--------------------------------------------------------
Intercape has route 0000 running but CTK does not have it
Please check IC route 0000 on 2025-01-23 - No Intercape


CHECK 2: CTK has a route that IC does not have
----------------------------------------------
From ZAZAJOHANNESBURG to ZAZAPORTELIZABETH
Search Date: 2025-01-23

CHECK 1: IC has routes that we not listed in the CTK data
--------------------------------------------------------
Intercape has route 0000 running but CTK does not have it
Please check IC route 0000 on 2025-01-23 - No Intercape


CHECK 2: CTK has a route that IC does not have
----------------------------------------------
CTK has route 0212 running but Intercape does not have it
Please check CTK route 0212 on 2025-01-23 - No CTK

CTK has route 0212 running but Intercape does not have it
Please check CTK route 0212 on 2025-01-23 - No CTK

------------
CARRIERS LIST
------------
["Intercape Mainliner","Intercape Mainliner","Citiliner Plus"]

No services available for this route/date combination: [1235] ZAZABUTTERWORTH to ZAZAJOHANNESBURG on 2025-01-23

From ZAZACAPETOWN to ZAZAJOHANNESBURG
Search Date: 2025-01-23

CHECK 1: IC has routes that we not listed in the CTK data
--------------------------------------------------------
Intercape has route 0000 running but CTK does not have it
Please check IC route 0000 on 2025-01-23 - No Intercape


CHECK 2: CTK has a route that IC does not have
----------------------------------------------
CTK has route 1639 running but Intercape does not have it
Please check CTK route 1639 on 2025-01-23 - No CTK

CTK has route 2615 running but Intercape does not have it
Please check CTK route 2615 on 2025-01-23 - No CTK

CTK has route 2105 running but Intercape does not have it
Please check CTK route 2105 on 2025-01-23 - No CTK

CTK has route 0221 running but Intercape does not have it
Please check CTK route 0221 on 2025-01-23 - No CTK

------------
CARRIERS LIST
------------
["FF Gertse","Delta Coaches","Intercity Xpress","Intercape Budgetliner","Big Sky","Greyhound Premium","Intercape Sleepliner","Intercape Sleepliner","Intercape Mainliner","African People Mover WC"]

No services available for this route/date combination: [0000] ZAZAPORTELIZABETH to ZAZAJOHANNESBURG on 2025-01-23

From ZAZAWINDHOEK to ZAZAOSHAKATI
Search Date: 2025-01-23

CHECK 1: IC has routes that we not listed in the CTK data
--------------------------------------------------------
Intercape has route 0148 running but CTK does not have it
Please check IC route 0148 on 2025-01-23 - No Intercape


CHECK 2: CTK has a route that IC does not have
----------------------------------------------
CTK has route 0431 running but Intercape does not have it
Please check CTK route 0431 on 2025-01-23 - No CTK

------------
CARRIERS LIST
------------
["Intercape Mainliner"]

No services available for this route/date combination: [0000] ZAZACAPETOWN to ZAZAWINDHOEK on 2025-01-23

From ZAZACAPETOWN to ZAZAWINDHOEK
Search Date: 2025-01-23

CHECK 1: IC has routes that we not listed in the CTK data
--------------------------------------------------------
Intercape has route 0000 running but CTK does not have it
Please check IC route 0000 on 2025-01-23 - No Intercape


CHECK 2: CTK has a route that IC does not have
----------------------------------------------
From ZAZAOSHAKATI to ZAZAWINDHOEK
Search Date: 2025-01-23

CHECK 1: IC has routes that we not listed in the CTK data
--------------------------------------------------------
Intercape has route 2107 running but CTK does not have it
Please check IC route 2107 on 2025-01-23 - No Intercape


CHECK 2: CTK has a route that IC does not have
----------------------------------------------
CTK has route 0430 running but Intercape does not have it
Please check CTK route 0430 on 2025-01-23 - No CTK

CTK has route 0432 running but Intercape does not have it
Please check CTK route 0432 on 2025-01-23 - No CTK

------------
CARRIERS LIST
------------
["Intercape Mainliner","Intercape Mainliner"]

Added new carriers to CTK_CARRIERS ["African People Mover WC"]
--- END ----------------------------------------------------------------------------------------------------------------------------------

--- START --------------------------------------------------------------------------------------------------------------------------------
[2025-01-23 15:25:11]

From ZAZAJOHANNESBURG to ZAZABUTTERWORTH
Search Date: 2025-01-23

CHECK 1: IC has routes that we not listed in the CTK data
--------------------------------------------------------
Intercape has route 0000 running but CTK does not have it
Please check IC route 0000 on 2025-01-23 - No Intercape


CHECK 2: CTK has a route that IC does not have
----------------------------------------------
CTK has route 1231 running but Intercape does not have it
Please check CTK route 1231 on 2025-01-23 - No CTK

CTK has route 0249 running but Intercape does not have it
Please check CTK route 0249 on 2025-01-23 - No CTK

------------
CARRIERS LIST
------------
["Intercape Budgetliner","City To City","Eagle Liner Transport","Intercape Mainliner","Big Sky"]

No services available for this route/date combination: [0000] ZAZAJOHANNESBURG to ZAZAMOSSELBAY on 2025-01-23

From ZAZAJOHANNESBURG to ZAZAMOSSELBAY
Search Date: 2025-01-23

CHECK 1: IC has routes that we not listed in the CTK data
--------------------------------------------------------
Intercape has route 0000 running but CTK does not have it
Please check IC route 0000 on 2025-01-23 - No Intercape


CHECK 2: CTK has a route that IC does not have
----------------------------------------------
No services available for this route/date combination: [0000] ZAZAWINDHOEK to ZAZACAPETOWN on 2025-01-23

From ZAZAWINDHOEK to ZAZACAPETOWN
Search Date: 2025-01-23

CHECK 1: IC has routes that we not listed in the CTK data
--------------------------------------------------------
Intercape has route 0000 running but CTK does not have it
Please check IC route 0000 on 2025-01-23 - No Intercape


CHECK 2: CTK has a route that IC does not have
----------------------------------------------
From ZAZAJOHANNESBURG to ZAZAPORTELIZABETH
Search Date: 2025-01-23

CHECK 1: IC has routes that we not listed in the CTK data
--------------------------------------------------------
Intercape has route 0000 running but CTK does not have it
Please check IC route 0000 on 2025-01-23 - No Intercape


CHECK 2: CTK has a route that IC does not have
----------------------------------------------
CTK has route 0212 running but Intercape does not have it
Please check CTK route 0212 on 2025-01-23 - No CTK

CTK has route 0212 running but Intercape does not have it
Please check CTK route 0212 on 2025-01-23 - No CTK

------------
CARRIERS LIST
------------
["Intercape Mainliner","Intercape Mainliner","Citiliner Plus"]

No services available for this route/date combination: [1235] ZAZABUTTERWORTH to ZAZAJOHANNESBURG on 2025-01-23

From ZAZACAPETOWN to ZAZAJOHANNESBURG
Search Date: 2025-01-23

CHECK 1: IC has routes that we not listed in the CTK data
--------------------------------------------------------
Intercape has route 0000 running but CTK does not have it
Please check IC route 0000 on 2025-01-23 - No Intercape


CHECK 2: CTK has a route that IC does not have
----------------------------------------------
CTK has route 1639 running but Intercape does not have it
Please check CTK route 1639 on 2025-01-23 - No CTK

CTK has route 2615 running but Intercape does not have it
Please check CTK route 2615 on 2025-01-23 - No CTK

CTK has route 2105 running but Intercape does not have it
Please check CTK route 2105 on 2025-01-23 - No CTK

CTK has route 0221 running but Intercape does not have it
Please check CTK route 0221 on 2025-01-23 - No CTK

------------
CARRIERS LIST
------------
["FF Gertse","Delta Coaches","Intercity Xpress","Intercape Budgetliner","Big Sky","Greyhound Premium","Intercape Sleepliner","Intercape Sleepliner","Intercape Mainliner","African People Mover WC"]

From ZAZAPORTELIZABETH to ZAZAJOHANNESBURG
Search Date: 2025-01-23

CHECK 1: IC has routes that we not listed in the CTK data
--------------------------------------------------------
Intercape has route 0000 running but CTK does not have it
Please check IC route 0000 on 2025-01-23 - No Intercape


CHECK 2: CTK has a route that IC does not have
----------------------------------------------
CTK has route 2203 running but Intercape does not have it
Please check CTK route 2203 on 2025-01-23 - No CTK

CTK has route 2203 running but Intercape does not have it
Please check CTK route 2203 on 2025-01-23 - No CTK

------------
CARRIERS LIST
------------
["Eagle Liner Transport","Eagle Liner Transport","Citiliner Plus","Intercape Sleepliner","Intercape Sleepliner"]

From ZAZAWINDHOEK to ZAZAOSHAKATI
Search Date: 2025-01-23

CHECK 1: IC has routes that we not listed in the CTK data
--------------------------------------------------------
Intercape has route 0148 running but CTK does not have it
Please check IC route 0148 on 2025-01-23 - No Intercape


CHECK 2: CTK has a route that IC does not have
----------------------------------------------
CTK has route 0431 running but Intercape does not have it
Please check CTK route 0431 on 2025-01-23 - No CTK

------------
CARRIERS LIST
------------
["Intercape Mainliner"]

No services available for this route/date combination: [0000] ZAZACAPETOWN to ZAZAWINDHOEK on 2025-01-23

From ZAZACAPETOWN to ZAZAWINDHOEK
Search Date: 2025-01-23

CHECK 1: IC has routes that we not listed in the CTK data
--------------------------------------------------------
Intercape has route 0000 running but CTK does not have it
Please check IC route 0000 on 2025-01-23 - No Intercape


CHECK 2: CTK has a route that IC does not have
----------------------------------------------
From ZAZAOSHAKATI to ZAZAWINDHOEK
Search Date: 2025-01-23

CHECK 1: IC has routes that we not listed in the CTK data
--------------------------------------------------------
Intercape has route 2107 running but CTK does not have it
Please check IC route 2107 on 2025-01-23 - No Intercape


CHECK 2: CTK has a route that IC does not have
----------------------------------------------
CTK has route 0430 running but Intercape does not have it
Please check CTK route 0430 on 2025-01-23 - No CTK

CTK has route 0432 running but Intercape does not have it
Please check CTK route 0432 on 2025-01-23 - No CTK

------------
CARRIERS LIST
------------
["Intercape Mainliner","Intercape Mainliner"]

--- END ----------------------------------------------------------------------------------------------------------------------------------

--- START --------------------------------------------------------------------------------------------------------------------------------
[2025-01-23 15:28:41]

From ZAZAJOHANNESBURG to ZAZABUTTERWORTH
Search Date: 2025-01-23

CHECK 1: IC has routes that we not listed in the CTK data
--------------------------------------------------------
Intercape has route 0000 running but CTK does not have it
Please check IC route 0000 on 2025-01-23 - No Intercape


CHECK 2: CTK has a route that IC does not have
----------------------------------------------
CTK has route 1231 running but Intercape does not have it
Please check CTK route 1231 on 2025-01-23 - No CTK

CTK has route 0249 running but Intercape does not have it
Please check CTK route 0249 on 2025-01-23 - No CTK

------------
CARRIERS LIST
------------
["Intercape Budgetliner","City To City","Eagle Liner Transport","Intercape Mainliner","Big Sky"]

No services available for this route/date combination: [0000] ZAZAJOHANNESBURG to ZAZAMOSSELBAY on 2025-01-23

From ZAZAJOHANNESBURG to ZAZAMOSSELBAY
Search Date: 2025-01-23

CHECK 1: IC has routes that we not listed in the CTK data
--------------------------------------------------------
Intercape has route 0000 running but CTK does not have it
Please check IC route 0000 on 2025-01-23 - No Intercape


CHECK 2: CTK has a route that IC does not have
----------------------------------------------
No services available for this route/date combination: [0000] ZAZAWINDHOEK to ZAZACAPETOWN on 2025-01-23

From ZAZAWINDHOEK to ZAZACAPETOWN
Search Date: 2025-01-23

CHECK 1: IC has routes that we not listed in the CTK data
--------------------------------------------------------
Intercape has route 0000 running but CTK does not have it
Please check IC route 0000 on 2025-01-23 - No Intercape


CHECK 2: CTK has a route that IC does not have
----------------------------------------------
From ZAZAJOHANNESBURG to ZAZAPORTELIZABETH
Search Date: 2025-01-23

CHECK 1: IC has routes that we not listed in the CTK data
--------------------------------------------------------
Intercape has route 0000 running but CTK does not have it
Please check IC route 0000 on 2025-01-23 - No Intercape


CHECK 2: CTK has a route that IC does not have
----------------------------------------------
CTK has route 0212 running but Intercape does not have it
Please check CTK route 0212 on 2025-01-23 - No CTK

CTK has route 0212 running but Intercape does not have it
Please check CTK route 0212 on 2025-01-23 - No CTK

------------
CARRIERS LIST
------------
["Intercape Mainliner","Intercape Mainliner","Citiliner Plus"]

No services available for this route/date combination: [1235] ZAZABUTTERWORTH to ZAZAJOHANNESBURG on 2025-01-23

From ZAZABUTTERWORTH to ZAZAJOHANNESBURG
Search Date: 2025-01-23

CHECK 1: IC has routes that we not listed in the CTK data
--------------------------------------------------------
Intercape has route 1235 running but CTK does not have it
Please check IC route 1235 on 2025-01-23 - No Intercape


CHECK 2: CTK has a route that IC does not have
----------------------------------------------
From ZAZACAPETOWN to ZAZAJOHANNESBURG
Search Date: 2025-01-23

CHECK 1: IC has routes that we not listed in the CTK data
--------------------------------------------------------
Intercape has route 0000 running but CTK does not have it
Please check IC route 0000 on 2025-01-23 - No Intercape


CHECK 2: CTK has a route that IC does not have
----------------------------------------------
CTK has route 2615 running but Intercape does not have it
Please check CTK route 2615 on 2025-01-23 - No CTK

CTK has route 2105 running but Intercape does not have it
Please check CTK route 2105 on 2025-01-23 - No CTK

CTK has route 0221 running but Intercape does not have it
Please check CTK route 0221 on 2025-01-23 - No CTK

------------
CARRIERS LIST
------------
["FF Gertse","Delta Coaches","Intercity Xpress","Big Sky","Greyhound Premium","Intercape Sleepliner","Intercape Sleepliner","Intercape Mainliner","African People Mover WC"]

From ZAZAPORTELIZABETH to ZAZAJOHANNESBURG
Search Date: 2025-01-23

CHECK 1: IC has routes that we not listed in the CTK data
--------------------------------------------------------
Intercape has route 0000 running but CTK does not have it
Please check IC route 0000 on 2025-01-23 - No Intercape


CHECK 2: CTK has a route that IC does not have
----------------------------------------------
CTK has route 2203 running but Intercape does not have it
Please check CTK route 2203 on 2025-01-23 - No CTK

CTK has route 2203 running but Intercape does not have it
Please check CTK route 2203 on 2025-01-23 - No CTK

------------
CARRIERS LIST
------------
["Eagle Liner Transport","Eagle Liner Transport","Citiliner Plus","Intercape Sleepliner","Intercape Sleepliner"]

From ZAZAWINDHOEK to ZAZAOSHAKATI
Search Date: 2025-01-23

CHECK 1: IC has routes that we not listed in the CTK data
--------------------------------------------------------
Intercape has route 0148 running but CTK does not have it
Please check IC route 0148 on 2025-01-23 - No Intercape


CHECK 2: CTK has a route that IC does not have
----------------------------------------------
CTK has route 0431 running but Intercape does not have it
Please check CTK route 0431 on 2025-01-23 - No CTK

------------
CARRIERS LIST
------------
["Intercape Mainliner"]

No services available for this route/date combination: [0000] ZAZACAPETOWN to ZAZAWINDHOEK on 2025-01-23

From ZAZACAPETOWN to ZAZAWINDHOEK
Search Date: 2025-01-23

CHECK 1: IC has routes that we not listed in the CTK data
--------------------------------------------------------
Intercape has route 0000 running but CTK does not have it
Please check IC route 0000 on 2025-01-23 - No Intercape


CHECK 2: CTK has a route that IC does not have
----------------------------------------------
From ZAZAOSHAKATI to ZAZAWINDHOEK
Search Date: 2025-01-23

CHECK 1: IC has routes that we not listed in the CTK data
--------------------------------------------------------
Intercape has route 2107 running but CTK does not have it
Please check IC route 2107 on 2025-01-23 - No Intercape


CHECK 2: CTK has a route that IC does not have
----------------------------------------------
CTK has route 0430 running but Intercape does not have it
Please check CTK route 0430 on 2025-01-23 - No CTK

CTK has route 0432 running but Intercape does not have it
Please check CTK route 0432 on 2025-01-23 - No CTK

------------
CARRIERS LIST
------------
["Intercape Mainliner","Intercape Mainliner"]

--- END ----------------------------------------------------------------------------------------------------------------------------------

