- Total budget: 112000 - Total spend: 57062.39 - Difference: 54937.61
- New budget amounts: {"062024":"14000","072024":"14000","082024":"14000","092024":"14000","102024":"1062.39","112024":"0","122024":0,"012025":54937.61}
- Budget serials: 12113
- Total budget: 77800 - Total spend: 10111 - Difference: 67689
- New budget amounts: {"062024":"9800","072024":311,"082024":0,"092024":0,"102024":0,"112024":0,"122024":0,"012025":67689}
- Budget serials: 12116
- Total budget: 14000 - Total spend: 0 - Difference: 14000
- New budget amounts: {"062024":"0","072024":"0","082024":0,"092024":0,"102024":0,"112024":0,"122024":0,"012025":14000}
- Budget serials: 13736
- Total budget: 52500 - Total spend: 26305.8 - Difference: 26194.2
- New budget amounts: {"062024":"7500","072024":"7500","082024":"7500","092024":3805.7999999999993,"102024":0,"112024":0,"122024":0,"012025":26194.2}
- Budget serials: 12105
- Total budget: 177500 - Total spend: 72400 - Difference: 105100
- New budget amounts: {"062024":"0","072024":"0","082024":"0","092024":72400,"102024":0,"112024":0,"122024":0,"012025":105100}
- Budget serials: 15738
- Total budget: 40000 - Total spend: 2520 - Difference: 37480
- New budget amounts: {"062024":"0","072024":2520,"082024":0,"092024":0,"102024":0,"112024":0,"122024":0,"012025":37480}
- Budget serials: 12115
- Total budget: 104136 - Total spend: 141936.35 - Difference: -37800.35
- New budget amounts: {"062024":"24517","072024":"2517","082024":"23767","092024":"11017","102024":"20517","112024":"5267","122024":54334.350000000006,"012025":-37800.350000000006}
- Budget serials: 13096
- Total budget: 157000 - Total spend: 47122.41 - Difference: 109877.59
- New budget amounts: {"062024":"18500","072024":"18500","082024":10122.410000000003,"092024":0,"102024":0,"112024":0,"122024":0,"012025":109877.59}
- Budget serials: 12117
- Total budget: 480000 - Total spend: 312214.47 - Difference: 167785.53
- New budget amounts: {"062024":"60000","072024":"60000","082024":"60000","092024":"60000","102024":"60000","112024":12214.469999999972,"122024":0,"012025":167785.53000000003}
- Budget serials: 12939
