 _                
| |    ___   __ _ 
| |   / _ \ / _` |
| |__| (_) | (_| |
|_____\___/ \__, |
            |___/ 

2025-01-20 07:14:07
STARTING BUDGET UPDATE

OVERBUDGET

Budget Name                                                               Serial        Budget Total          Used Total                NETT
RSA Permits                                                                11935              116750              144562              -27812
RSA Consulting Secretarial                                                 12003                9500               35925              -26425
NAM Fleet Maintenance - Small Accidents                                    11928           145186.82           312827.73          -167640.91
RSA Travel - IR                                                            12938               70000            75558.47            -5558.47
RSA Security - Cash Collections                                            12086              350000           544782.06          -194782.06
RSA IR - Legal Fees                                                        12036              300660          1649241.49         -1348581.49
RSA IR - Training                                                          13719                4880                6300               -1420
RSA Fumigation Coaches - Outsourcing                                       12637           469933.02           561398.83           -91465.81
RSA Fixed assets - Workshop Equipment                                      11876              550000            615520.4            -65520.4
RSA Protective Clothing - Technical                                        11915            187539.3           197073.99            -9534.69
RSA Rental Coaches - Charters                                              12130              420000            970318.2           -550318.2
RSA HR - Intern Administration Fees                                        13956               35000               62100              -27100
RSA Inspectorate Cost                                                      12034                8000            17729.89            -9729.89
NAM Marketing - Advertising                                                12795               42000            76729.12           -34729.12
MOZ Insurance - Assets and Public Liability                                11905               50000            73542.69           -23542.69
RSA Refunds                                                                11937           442402.04          2275220.51         -1832818.47
RSA Technical Entertainment                                                15239               24500            34088.32            -9588.32
RSA Fleet Maintenance - Units                                              11921          3946720.86          5891276.47         -1944555.61
RSA Depot Maintenance                                                      12041             2338000          2393412.62           -55412.62
RSA Refurbs Busses Sold                                                    13696              350000            560963.5           -210963.5
NAM Legal - Commercial                                                     13778               30000             33803.1             -3803.1
RSA Cleaning Coaches - Outsourcing                                         11897           148534.58            196255.2           -47720.62
MOZ Marketing - Advertising                                                12635               16907            87209.33           -70302.33
NAM Permits                                                                16038               16350               26500              -10150
RSA Travel - Operational (Core)                                            12115              100119           141936.35           -41817.35
RSA HR - Advertising                                                       12396                8400            56741.84           -48341.84
RSA Legal - Commercial                                                     12035              400200           836584.14          -436384.14
RSA Fleet Maintenance Large Trailers - Parts                               13877               10780             20783.5            -10003.5
RSA CEO - Subscriptions                                                    12097              105000           110628.75            -5628.75
2025-01-20 07:18:58
STARTING BUDGET UPDATE

2025-01-20 07:19:22
STARTING BUDGET UPDATE

2025-01-20 07:39:23
STARTING BUDGET UPDATE

2025-01-20 08:06:33
STARTING BUDGET UPDATE

2025-01-20 08:08:35
STARTING BUDGET UPDATE

2025-01-20 08:20:16
STARTING BUDGET UPDATE

2025-01-20 08:20:50
STARTING BUDGET UPDATE

2025-01-20 08:22:22
STARTING BUDGET UPDATE

2025-01-20 08:24:58
STARTING BUDGET UPDATE

2025-01-20 08:25:11
STARTING BUDGET UPDATE

2025-01-20 08:26:17
STARTING BUDGET UPDATE

2025-01-20 09:15:53
STARTING BUDGET UPDATE

2025-01-20 09:24:44
STARTING BUDGET UPDATE

2025-01-20 09:27:02
STARTING BUDGET UPDATE

2025-01-20 09:27:24
STARTING BUDGET UPDATE

2025-01-20 09:30:58
STARTING BUDGET UPDATE

2025-01-20 09:31:18
STARTING BUDGET UPDATE

2025-01-20 09:31:40
STARTING BUDGET UPDATE

2025-01-20 09:32:16
STARTING BUDGET UPDATE

2025-01-20 09:35:12
STARTING BUDGET UPDATE

2025-01-20 11:24:24
STARTING BUDGET UPDATE

2025-01-20 11:24:37
STARTING BUDGET UPDATE

2025-01-20 11:25:10
STARTING BUDGET UPDATE

2025-01-20 11:51:30
STARTING BUDGET UPDATE

2025-01-20 12:00:04
STARTING BUDGET UPDATE

2025-01-20 12:07:16
STARTING BUDGET UPDATE

2025-01-21 11:30:58
STARTING BUDGET UPDATE

2025-01-21 11:31:32
STARTING BUDGET UPDATE

2025-01-21 11:32:03
STARTING BUDGET UPDATE

2025-01-21 11:32:22
STARTING BUDGET UPDATE

2025-01-21 11:33:14
STARTING BUDGET UPDATE

2025-01-21 11:46:59
STARTING BUDGET UPDATE

2025-01-21 11:48:35
STARTING BUDGET UPDATE

2025-01-21 13:00:44
STARTING BUDGET UPDATE

