

***********************************************************************
Fatal NI connect error 12223, connecting to:
 (DESCRIPTION=(ADDRESS=(PROTOCOL=beq)(PROGRAM=/oracle/app/8.0.5/bin/oracle)(ARGV0=oracleicape)(ARGS='(DESCRIPTION=(LOCAL=YES)(ADDRESS=(PROTOCOL=beq)))')(DETACH=NO))(CONNECT_DATA=(CID=(PROGRAM=)(HOST=InterCapeUnixWare)(USER=root))))

  VERSION INFORMATION:
	TNS for Intel SVR4 UNIX: Version 8.0.5.0.0 - Production
	Oracle Bequeath NT Protocol Adapter for Intel SVR4 UNIX: Version 8.0.5.0.0 - Production
  Time: 11-NOV-99 10:34:22
  Tracing not turned on.
  Tns error struct:
    nr err code: 12223
    TNS-12223: TNS:internal limit restriction exceeded
    ns main err code: 12540
    TNS-12540: TNS:internal limit restriction exceeded
    ns secondary err code: 12560
    nt main err code: 510
    TNS-00510: Internal limit restriction exceeded
    nt secondary err code: 12
    nt OS err code: 0


***********************************************************************
Fatal NI connect error 12223, connecting to:
 (DESCRIPTION=(ADDRESS=(PROTOCOL=beq)(PROGRAM=/oracle/app/8.0.5/bin/oracle)(ARGV0=oracleicape)(ARGS='(DESCRIPTION=(LOCAL=YES)(ADDRESS=(PROTOCOL=beq)))')(DETACH=NO))(CONNECT_DATA=(CID=(PROGRAM=)(HOST=InterCapeUnixWare)(USER=root))))

  VERSION INFORMATION:
	TNS for Intel SVR4 UNIX: Version 8.0.5.0.0 - Production
	Oracle Bequeath NT Protocol Adapter for Intel SVR4 UNIX: Version 8.0.5.0.0 - Production
  Time: 11-NOV-99 10:34:22
  Tracing not turned on.
  Tns error struct:
    nr err code: 12223
    TNS-12223: TNS:internal limit restriction exceeded
    ns main err code: 12540
    TNS-12540: TNS:internal limit restriction exceeded
    ns secondary err code: 12560
    nt main err code: 510
    TNS-00510: Internal limit restriction exceeded
    nt secondary err code: 12
    nt OS err code: 0


***********************************************************************
Fatal NI connect error 12223, connecting to:
 (DESCRIPTION=(ADDRESS=(PROTOCOL=beq)(PROGRAM=/oracle/app/8.0.5/bin/oracle)(ARGV0=oracleicape)(ARGS='(DESCRIPTION=(LOCAL=YES)(ADDRESS=(PROTOCOL=beq)))')(DETACH=NO))(CONNECT_DATA=(CID=(PROGRAM=)(HOST=InterCapeUnixWare)(USER=root))))

  VERSION INFORMATION:
	TNS for Intel SVR4 UNIX: Version 8.0.5.0.0 - Production
	Oracle Bequeath NT Protocol Adapter for Intel SVR4 UNIX: Version 8.0.5.0.0 - Production
  Time: 11-NOV-99 10:34:25
  Tracing not turned on.
  Tns error struct:
    nr err code: 12223
    TNS-12223: TNS:internal limit restriction exceeded
    ns main err code: 12540
    TNS-12540: TNS:internal limit restriction exceeded
    ns secondary err code: 12560
    nt main err code: 510
    TNS-00510: Internal limit restriction exceeded
    nt secondary err code: 12
    nt OS err code: 0


***********************************************************************
Fatal NI connect error 12223, connecting to:
 (DESCRIPTION=(ADDRESS=(PROTOCOL=beq)(PROGRAM=/oracle/app/8.0.5/bin/oracle)(ARGV0=oracleicape)(ARGS='(DESCRIPTION=(LOCAL=YES)(ADDRESS=(PROTOCOL=beq)))')(DETACH=NO))(CONNECT_DATA=(CID=(PROGRAM=)(HOST=InterCapeUnixWare)(USER=root))))

  VERSION INFORMATION:
	TNS for Intel SVR4 UNIX: Version 8.0.5.0.0 - Production
	Oracle Bequeath NT Protocol Adapter for Intel SVR4 UNIX: Version 8.0.5.0.0 - Production
  Time: 11-NOV-99 10:34:25
  Tracing not turned on.
  Tns error struct:
    nr err code: 12223
    TNS-12223: TNS:internal limit restriction exceeded
    ns main err code: 12540
    TNS-12540: TNS:internal limit restriction exceeded
    ns secondary err code: 12560
    nt main err code: 510
    TNS-00510: Internal limit restriction exceeded
    nt secondary err code: 12
    nt OS err code: 0


***********************************************************************
Fatal NI connect error 12223, connecting to:
 (DESCRIPTION=(ADDRESS=(PROTOCOL=beq)(PROGRAM=/oracle/app/8.0.5/bin/oracle)(ARGV0=oracleicape)(ARGS='(DESCRIPTION=(LOCAL=YES)(ADDRESS=(PROTOCOL=beq)))')(DETACH=NO))(CONNECT_DATA=(CID=(PROGRAM=)(HOST=InterCapeUnixWare)(USER=root))))

  VERSION INFORMATION:
	TNS for Intel SVR4 UNIX: Version 8.0.5.0.0 - Production
	Oracle Bequeath NT Protocol Adapter for Intel SVR4 UNIX: Version 8.0.5.0.0 - Production
  Time: 11-NOV-99 10:34:28
  Tracing not turned on.
  Tns error struct:
    nr err code: 12223
    TNS-12223: TNS:internal limit restriction exceeded
    ns main err code: 12540
    TNS-12540: TNS:internal limit restriction exceeded
    ns secondary err code: 12560
    nt main err code: 510
    TNS-00510: Internal limit restriction exceeded
    nt secondary err code: 12
    nt OS err code: 0


***********************************************************************
Fatal NI connect error 12223, connecting to:
 (DESCRIPTION=(ADDRESS=(PROTOCOL=beq)(PROGRAM=/oracle/app/8.0.5/bin/oracle)(ARGV0=oracleicape)(ARGS='(DESCRIPTION=(LOCAL=YES)(ADDRESS=(PROTOCOL=beq)))')(DETACH=NO))(CONNECT_DATA=(CID=(PROGRAM=)(HOST=InterCapeUnixWare)(USER=root))))

  VERSION INFORMATION:
	TNS for Intel SVR4 UNIX: Version 8.0.5.0.0 - Production
	Oracle Bequeath NT Protocol Adapter for Intel SVR4 UNIX: Version 8.0.5.0.0 - Production
  Time: 11-NOV-99 10:34:28
  Tracing not turned on.
  Tns error struct:
    nr err code: 12223
    TNS-12223: TNS:internal limit restriction exceeded
    ns main err code: 12540
    TNS-12540: TNS:internal limit restriction exceeded
    ns secondary err code: 12560
    nt main err code: 510
    TNS-00510: Internal limit restriction exceeded
    nt secondary err code: 12
    nt OS err code: 0


***********************************************************************
Fatal NI connect error 12223, connecting to:
 (DESCRIPTION=(ADDRESS=(PROTOCOL=beq)(PROGRAM=/oracle/app/8.0.5/bin/oracle)(ARGV0=oracleicape)(ARGS='(DESCRIPTION=(LOCAL=YES)(ADDRESS=(PROTOCOL=beq)))')(DETACH=NO))(CONNECT_DATA=(CID=(PROGRAM=)(HOST=InterCapeUnixWare)(USER=root))))

  VERSION INFORMATION:
	TNS for Intel SVR4 UNIX: Version 8.0.5.0.0 - Production
	Oracle Bequeath NT Protocol Adapter for Intel SVR4 UNIX: Version 8.0.5.0.0 - Production
  Time: 11-NOV-99 10:34:29
  Tracing not turned on.
  Tns error struct:
    nr err code: 12223
    TNS-12223: TNS:internal limit restriction exceeded
    ns main err code: 12540
    TNS-12540: TNS:internal limit restriction exceeded
    ns secondary err code: 12560
    nt main err code: 510
    TNS-00510: Internal limit restriction exceeded
    nt secondary err code: 12
    nt OS err code: 0


***********************************************************************
Fatal NI connect error 12223, connecting to:
 (DESCRIPTION=(ADDRESS=(PROTOCOL=beq)(PROGRAM=/oracle/app/8.0.5/bin/oracle)(ARGV0=oracleicape)(ARGS='(DESCRIPTION=(LOCAL=YES)(ADDRESS=(PROTOCOL=beq)))')(DETACH=NO))(CONNECT_DATA=(CID=(PROGRAM=)(HOST=InterCapeUnixWare)(USER=root))))

  VERSION INFORMATION:
	TNS for Intel SVR4 UNIX: Version 8.0.5.0.0 - Production
	Oracle Bequeath NT Protocol Adapter for Intel SVR4 UNIX: Version 8.0.5.0.0 - Production
  Time: 11-NOV-99 10:34:29
  Tracing not turned on.
  Tns error struct:
    nr err code: 12223
    TNS-12223: TNS:internal limit restriction exceeded
    ns main err code: 12540
    TNS-12540: TNS:internal limit restriction exceeded
    ns secondary err code: 12560
    nt main err code: 510
    TNS-00510: Internal limit restriction exceeded
    nt secondary err code: 12
    nt OS err code: 0


***********************************************************************
Fatal NI connect error 12505, connecting to:
 (DESCRIPTION=(CONNECT_DATA=(SID=*)(SERVICE_NAME=192.168.10.8)(CID=(PROGRAM=)(HOST=InterCapeUnixWare)(USER=root)))(ADDRESS=(PROTOCOL=TCP)(HOST=192.168.10.8)(PORT=1521)))

  VERSION INFORMATION:
	TNS for Intel SVR4 UNIX: Version 8.0.5.0.0 - Production
	TCP/IP NT Protocol Adapter for Intel SVR4 UNIX: Version 8.0.5.0.0 - Production
  Time: 11-NOV-99 17:56:32
  Tracing not turned on.
  Tns error struct:
    nr err code: 12204
    TNS-12204: TNS:received data refused from an application
    ns main err code: 12564
    TNS-12564: TNS:connection refused


***********************************************************************
Fatal NI connect error 12203, connecting to:
 (DESCRIPTION=(CONNECT_DATA=(SID=*)(SERVICE_NAME=192.168.10.8)(CID=(PROGRAM=)(HOST=InterCapeUnixWare)(USER=root)))(ADDRESS=(PROTOCOL=TCP)(HOST=192.168.10.8)(PORT=1521)))

  VERSION INFORMATION:
	TNS for Intel SVR4 UNIX: Version 8.0.5.0.0 - Production
	TCP/IP NT Protocol Adapter for Intel SVR4 UNIX: Version 8.0.5.0.0 - Production
  Time: 11-NOV-99 18:22:13
  Tracing not turned on.
  Tns error struct:
    nr err code: 12203
    TNS-12203: TNS:unable to connect to destination
    ns main err code: 12535
    TNS-12535: TNS:operation timed out
    ns secondary err code: 12560
    nt main err code: 505
    TNS-00505: Operation timed out
    nt secondary err code: 145
    nt OS err code: 0
