 _                
| |    ___   __ _ 
| |   / _ \ / _` |
| |__| (_) | (_| |
|_____\___/ \__, |
            |___/ 


--- STARTED --------------------------------------------------------------------------------------------------------------------------------
[2025-01-20 12:21:33]

From  to 
Search Date: 2025-01-20
--- START --------------------------------------------------------------------------------------------------------------------------------
[2025-01-20 12:22:57]

From  to 
Search Date: 2025-01-20
--- START --------------------------------------------------------------------------------------------------------------------------------
[2025-01-20 12:24:23]

From  to 
Search Date: 2025-01-20
--- START --------------------------------------------------------------------------------------------------------------------------------
[2025-01-20 12:24:30]

From  to 
Search Date: 2025-01-20
--- START --------------------------------------------------------------------------------------------------------------------------------
[2025-01-20 12:25:14]

From  to 
Search Date: 2025-01-20
--- START --------------------------------------------------------------------------------------------------------------------------------
[2025-01-20 12:25:20]

From  to 
Search Date: 2025-01-20
--- START --------------------------------------------------------------------------------------------------------------------------------
[2025-01-20 12:28:07]

From  to 
Search Date: 2025-01-20
--- START --------------------------------------------------------------------------------------------------------------------------------
[2025-01-20 12:29:27]

From  to 
Search Date: 2025-01-20
--- START --------------------------------------------------------------------------------------------------------------------------------
[2025-01-20 12:29:30]

From  to 
Search Date: 2025-01-20
--- START --------------------------------------------------------------------------------------------------------------------------------
[2025-01-20 12:29:39]

From  to 
Search Date: 2025-01-20
--- START --------------------------------------------------------------------------------------------------------------------------------
[2025-01-20 12:30:18]

From  to 
Search Date: 2025-01-20
--- START --------------------------------------------------------------------------------------------------------------------------------
[2025-01-20 12:34:38]

From  to 
Search Date: 2025-01-20
--- START --------------------------------------------------------------------------------------------------------------------------------
[2025-01-20 12:51:20]

From  to 
Search Date: 2025-01-20
------------
CARRIER LIST
------------
[]

From  to 
Search Date: 2025-01-20
------------
CARRIER LIST
------------
[]

--- END ----------------------------------------------------------------------------------------------------------------------------------

--- START --------------------------------------------------------------------------------------------------------------------------------
[2025-01-20 12:51:40]

From  to 
Search Date: 2025-01-20
------------
CARRIER LIST
------------
[]

From  to 
Search Date: 2025-01-20
------------
CARRIER LIST
------------
[]

--- END ----------------------------------------------------------------------------------------------------------------------------------

--- START --------------------------------------------------------------------------------------------------------------------------------
[2025-01-20 13:08:30]

From  to 
Search Date: 2025-01-20
------------
CARRIER LIST
------------
[]

From  to 
Search Date: 2025-01-20
------------
CARRIER LIST
------------
[]

--- END ----------------------------------------------------------------------------------------------------------------------------------

--- START --------------------------------------------------------------------------------------------------------------------------------
[2025-01-20 13:40:53]

From  to 
Search Date: 2025-01-20
------------
CARRIER LIST
------------
[]

From  to 
Search Date: 2025-01-20
------------
CARRIER LIST
------------
[]

--- END ----------------------------------------------------------------------------------------------------------------------------------

--- START --------------------------------------------------------------------------------------------------------------------------------
[2025-01-20 13:40:59]

From  to 
Search Date: 2025-01-20
------------
CARRIER LIST
------------
[]

From  to 
Search Date: 2025-01-20
------------
CARRIER LIST
------------
[]

--- END ----------------------------------------------------------------------------------------------------------------------------------

--- START --------------------------------------------------------------------------------------------------------------------------------
[2025-01-20 13:41:46]

From ZAZACAPETOWN to ZAZABLOEMFONTEIN
Search Date: 2025-01-20
------------
CARRIER LIST
------------
["Eagle Liner Transport","Intercape Budgetliner","Greyhound Premium","Intercape Mainliner","Intercape Sleepliner","Intercape Mainliner","Intercape Mainliner"]

From ZAZACAPETOWN to ZAZADURBAN
Search Date: 2025-01-20
------------
CARRIER LIST
------------
["Intercity Xpress","City To City","Intercape Mainliner","Intercape Mainliner","Intercape Mainliner","Intercape Mainliner","Intercape Mainliner","Intercape Mainliner","Intercape Mainliner","Intercape Mainliner"]

--- END ----------------------------------------------------------------------------------------------------------------------------------

--- START --------------------------------------------------------------------------------------------------------------------------------
[2025-01-20 13:52:22]

From ZAZACAPETOWN to ZAZABLOEMFONTEIN
Search Date: 2025-01-20
------------
CARRIER LIST
------------
["Eagle Liner Transport","Intercape Budgetliner","Greyhound Premium","Intercape Mainliner","Intercape Sleepliner","Intercape Mainliner","Intercape Mainliner"]

From ZAZACAPETOWN to ZAZADURBAN
Search Date: 2025-01-20
------------
CARRIER LIST
------------
["Intercity Xpress","City To City","Intercape Mainliner","Intercape Mainliner","Intercape Mainliner","Intercape Mainliner","Intercape Mainliner","Intercape Mainliner","Intercape Mainliner","Intercape Mainliner"]

--- END ----------------------------------------------------------------------------------------------------------------------------------

--- START --------------------------------------------------------------------------------------------------------------------------------
[2025-01-20 16:01:38]

From ZAZACAPETOWN to ZAZABLOEMFONTEIN
Search Date: 2025-01-20
------------
CARRIER LIST
------------
["Intercape Budgetliner","Intercape Mainliner","Intercape Sleepliner","Greyhound Premium","Intercape Mainliner","Intercape Mainliner"]

From ZAZACAPETOWN to ZAZADURBAN
Search Date: 2025-01-20
------------
CARRIER LIST
------------
["Intercity Xpress","Intercape Mainliner","Intercape Mainliner","Intercape Mainliner","Intercape Mainliner","Intercape Mainliner","Intercape Mainliner","Intercape Mainliner","Intercape Mainliner"]

From ZAZACAPETOWN to ZAZAJOHANNESBURG
Search Date: 2025-01-20
------------
CARRIER LIST
------------
["FF Gertse","Delta Coaches","Delta Coaches","Intercape Budgetliner","Intercity Xpress","Greyhound Premium","Intercape Sleepliner","Intercape Sleepliner","Intercape Mainliner"]

Added new carriers to CTK_CARRIERS ["FF Gertse"]
--- END ----------------------------------------------------------------------------------------------------------------------------------

--- START --------------------------------------------------------------------------------------------------------------------------------
[2025-01-20 16:04:39]

From ZAZACAPETOWN to ZAZABLOEMFONTEIN
Search Date: 2025-01-20
------------
CARRIER LIST
------------
["Intercape Budgetliner","Intercape Mainliner","Intercape Sleepliner","Greyhound Premium","Intercape Mainliner","Intercape Mainliner"]

From ZAZACAPETOWN to ZAZADURBAN
Search Date: 2025-01-20
------------
CARRIER LIST
------------
["Intercity Xpress","Intercape Mainliner","Intercape Mainliner","Intercape Mainliner","Intercape Mainliner","Intercape Mainliner","Intercape Mainliner","Intercape Mainliner","Intercape Mainliner"]

From  to 
Search Date: 2025-01-20
------------
CARRIER LIST
------------
[]

--- END ----------------------------------------------------------------------------------------------------------------------------------

--- START --------------------------------------------------------------------------------------------------------------------------------
[2025-01-20 16:07:03]

From ZAZACAPETOWN to ZAZABLOEMFONTEIN
Search Date: 2025-01-20
------------
CARRIER LIST
------------
["Intercape Budgetliner","Intercape Mainliner","Intercape Sleepliner","Greyhound Premium","Intercape Mainliner","Intercape Mainliner"]

From ZAZACAPETOWN to ZAZADURBAN
Search Date: 2025-01-20
------------
CARRIER LIST
------------
["Intercity Xpress","Intercape Mainliner","Intercape Mainliner","Intercape Mainliner","Intercape Mainliner","Intercape Mainliner","Intercape Mainliner","Intercape Mainliner","Intercape Mainliner"]

From ZAZACAPETOWN to ZAZAJOHANNESBURG
Search Date: 2025-01-20
------------
CARRIER LIST
------------
["FF Gertse","Delta Coaches","Delta Coaches","Intercape Budgetliner","Intercity Xpress","Greyhound Premium","Intercape Sleepliner","Intercape Sleepliner","Intercape Mainliner"]

Added new carriers to CTK_CARRIERS ["FF Gertse"]
--- END ----------------------------------------------------------------------------------------------------------------------------------

--- START --------------------------------------------------------------------------------------------------------------------------------
[2025-01-20 16:21:17]

From ZAZACAPETOWN to ZAZABLOEMFONTEIN
Search Date: 2025-01-20
------------
CARRIER LIST
------------
["Intercape Budgetliner","Intercape Mainliner","Intercape Sleepliner","Greyhound Premium","Intercape Mainliner","Intercape Mainliner"]

From ZAZACAPETOWN to ZAZADURBAN
Search Date: 2025-01-20
------------
CARRIER LIST
------------
["Intercity Xpress","Intercape Mainliner","Intercape Mainliner","Intercape Mainliner","Intercape Mainliner","Intercape Mainliner","Intercape Mainliner","Intercape Mainliner","Intercape Mainliner"]

--- START --------------------------------------------------------------------------------------------------------------------------------
[2025-01-20 16:21:48]

From ZAZACAPETOWN to ZAZAJOHANNESBURG
Search Date: 2025-01-20
------------
CARRIER LIST
------------
["FF Gertse","Delta Coaches","Intercape Budgetliner","Intercity Xpress","Greyhound Premium","Intercape Sleepliner","Intercape Sleepliner","Intercape Mainliner"]

--- END ----------------------------------------------------------------------------------------------------------------------------------

From ZAZACAPETOWN to ZAZABLOEMFONTEIN
Search Date: 2025-01-20
------------
CARRIER LIST
------------
["Intercape Budgetliner","Intercape Mainliner","Intercape Sleepliner","Greyhound Premium","Intercape Mainliner","Intercape Mainliner"]

From  to 
Search Date: 2025-01-20
------------
CARRIER LIST
------------
[]

From ZAZACAPETOWN to ZAZAJOHANNESBURG
Search Date: 2025-01-20
------------
CARRIER LIST
------------
["FF Gertse","Delta Coaches","Intercape Budgetliner","Intercity Xpress","Greyhound Premium","Intercape Sleepliner","Intercape Sleepliner","Intercape Mainliner"]

--- END ----------------------------------------------------------------------------------------------------------------------------------

--- START --------------------------------------------------------------------------------------------------------------------------------
[2025-01-20 17:04:03]

From ZAZACAPETOWN to ZAZABLOEMFONTEIN
Search Date: 2025-01-20
------------
CARRIER LIST
------------
["Intercape Sleepliner","Greyhound Premium","Intercape Mainliner","Intercape Mainliner"]

From ZAZACAPETOWN to ZAZADURBAN
Search Date: 2025-01-20
------------
CARRIER LIST
------------
["Intercape Mainliner","Intercape Mainliner","Intercape Mainliner","Intercape Mainliner"]

From ZAZACAPETOWN to ZAZAJOHANNESBURG
Search Date: 2025-01-20
------------
CARRIER LIST
------------
["FF Gertse","Delta Coaches","Greyhound Premium","Intercape Sleepliner","Intercape Sleepliner","Intercape Mainliner"]

--- END ----------------------------------------------------------------------------------------------------------------------------------

--- START --------------------------------------------------------------------------------------------------------------------------------
[2025-01-20 17:06:55]

From ZAZACAPETOWN to ZAZABLOEMFONTEIN
Search Date: 2025-01-20
------------
CARRIER LIST
------------
["Intercape Sleepliner","Greyhound Premium","Intercape Mainliner","Intercape Mainliner"]

From ZAZACAPETOWN to ZAZADURBAN
Search Date: 2025-01-20
------------
CARRIER LIST
------------
["Intercape Mainliner","Intercape Mainliner","Intercape Mainliner","Intercape Mainliner"]

From ZAZACAPETOWN to ZAZAJOHANNESBURG
Search Date: 2025-01-20
------------
CARRIER LIST
------------
["FF Gertse","Delta Coaches","Greyhound Premium","Intercape Sleepliner","Intercape Sleepliner","Intercape Mainliner"]

--- END ----------------------------------------------------------------------------------------------------------------------------------

--- START --------------------------------------------------------------------------------------------------------------------------------
[2025-01-21 08:04:28]

From ZAZACAPETOWN to ZAZABLOEMFONTEIN
Search Date: 2025-01-21
------------
CARRIER LIST
------------
["Greyhound Premium","Eagle Liner Transport","Eagle Liner Transport","Big Sky","Intercape Mainliner","Greyhound Premium","Intercape Sleepliner","Intercape Sleepliner","Intercape Mainliner","Intercape Mainliner"]

From ZAZACAPETOWN to ZAZADURBAN
Search Date: 2025-01-21
------------
CARRIER LIST
------------
["City To City","Intercape Mainliner","Intercape Mainliner","Intercity Xpress","Intercape Mainliner","Intercape Mainliner","Intercape Mainliner","Intercape Mainliner","Intercape Mainliner","Intercape Mainliner"]

From ZAZACAPETOWN to ZAZABEZVALLEY
Search Date: 2025-01-21
------------
CARRIER LIST
------------
["Delta Coaches","Delta Coaches","Delta Coaches","FF Gertse","FF Gertse","FF Gertse","Intercity Xpress","City To City","Eagle Liner Transport","Eagle Liner Transport","Greyhound Premium","Greyhound Premium","Big Sky","Big Sky","Intercity Xpress","Greyhound Premium","Intercape Sleepliner","Intercape Sleepliner","Intercape Sleepliner","Intercape Mainliner","Intercape Mainliner"]

--- END ----------------------------------------------------------------------------------------------------------------------------------

--- START --------------------------------------------------------------------------------------------------------------------------------
[2025-01-22 12:37:58]

--- END ----------------------------------------------------------------------------------------------------------------------------------

--- START --------------------------------------------------------------------------------------------------------------------------------
[2025-01-22 12:38:12]

--- END ----------------------------------------------------------------------------------------------------------------------------------

--- START --------------------------------------------------------------------------------------------------------------------------------
[2025-01-22 12:41:16]

--- END ----------------------------------------------------------------------------------------------------------------------------------

--- START --------------------------------------------------------------------------------------------------------------------------------
[2025-01-22 13:08:42]

From ZAZABLOEMFONTEIN to ZAZANELSPRUIT
Search Date: 2025-01-22
------------
CARRIER LIST
------------
["Intercape Mainliner"]

No services available for this route/date combination: [0394] ZAZADURBAN to ZAZANEWCASTLE on 2025-01-22

From ZAZADURBAN to ZAZANEWCASTLE
Search Date: 2025-01-22
------------
CARRIER LIST
------------
[]

--- END ----------------------------------------------------------------------------------------------------------------------------------

--- START --------------------------------------------------------------------------------------------------------------------------------
[2025-01-22 13:10:53]

From ZAZABLOEMFONTEIN to ZAZANELSPRUIT
Search Date: 2025-01-23
------------
CARRIER LIST
------------
["Big Sky","Intercape Mainliner","Intercape Mainliner"]

No services available for this route/date combination: [0394] ZAZADURBAN to ZAZANEWCASTLE on 2025-01-23

From ZAZADURBAN to ZAZANEWCASTLE
Search Date: 2025-01-23
------------
CARRIER LIST
------------
[]

--- END ----------------------------------------------------------------------------------------------------------------------------------

--- START --------------------------------------------------------------------------------------------------------------------------------
[2025-01-23 11:25:25]

--- START --------------------------------------------------------------------------------------------------------------------------------
[2025-01-23 11:27:41]

--- END ----------------------------------------------------------------------------------------------------------------------------------

--- START --------------------------------------------------------------------------------------------------------------------------------
[2025-01-23 11:29:53]

--- END ----------------------------------------------------------------------------------------------------------------------------------

--- START --------------------------------------------------------------------------------------------------------------------------------
[2025-01-23 11:31:05]

--- START --------------------------------------------------------------------------------------------------------------------------------
[2025-01-23 11:32:57]

--- START --------------------------------------------------------------------------------------------------------------------------------
[2025-01-23 11:35:01]

--- START --------------------------------------------------------------------------------------------------------------------------------
[2025-01-23 11:37:29]

From ZAZABLOEMFONTEIN to ZAZANELSPRUIT
Search Date: 2025-01-23

CHECK 1: IC has routes that we not listed in the CTK data
--------------------------------------------------------
Intercape has route 0614 running but CTK does not have it
Please check IC route 0614 on 2025-01-23 - No Intercape


CHECK 2: CTK has a route that IC does not have
----------------------------------------------
CTK has route 9033 running but Intercape does not have it
Please check CTK route 9033 on 2025-01-23 - No CTK

CTK has route 9037 running but Intercape does not have it
Please check CTK route 9037 on 2025-01-23 - No CTK

------------
CARRIER LIST
------------
["Intercape Mainliner","Intercape Mainliner"]

No services available for this route/date combination: [0394] ZAZADURBAN to ZAZANEWCASTLE on 2025-01-23

From ZAZADURBAN to ZAZANEWCASTLE
Search Date: 2025-01-23

CHECK 1: IC has routes that we not listed in the CTK data
--------------------------------------------------------
Intercape has route 0394 running but CTK does not have it
Please check IC route 0394 on 2025-01-23 - No Intercape


CHECK 2: CTK has a route that IC does not have
----------------------------------------------
------------
CARRIER LIST
------------
[]

--- END ----------------------------------------------------------------------------------------------------------------------------------

--- START --------------------------------------------------------------------------------------------------------------------------------
[2025-01-23 11:46:58]

From ZAZABLOEMFONTEIN to ZAZANELSPRUIT
Search Date: 2025-01-23

CHECK 1: IC has routes that we not listed in the CTK data
--------------------------------------------------------
Intercape has route 0614 running but CTK does not have it
Please check IC route 0614 on 2025-01-23 - No Intercape


CHECK 2: CTK has a route that IC does not have
----------------------------------------------
CTK has route 9033 running but Intercape does not have it
Please check CTK route 9033 on 2025-01-23 - No CTK

CTK has route 9037 running but Intercape does not have it
Please check CTK route 9037 on 2025-01-23 - No CTK

------------
CARRIER LIST
------------
["Intercape Mainliner","Intercape Mainliner"]

No services available for this route/date combination: [0394] ZAZADURBAN to ZAZANEWCASTLE on 2025-01-23

From ZAZADURBAN to ZAZANEWCASTLE
Search Date: 2025-01-23

CHECK 1: IC has routes that we not listed in the CTK data
--------------------------------------------------------
Intercape has route 0394 running but CTK does not have it
Please check IC route 0394 on 2025-01-23 - No Intercape


CHECK 2: CTK has a route that IC does not have
----------------------------------------------
--- END ----------------------------------------------------------------------------------------------------------------------------------

