 _                
| |    ___   __ _ 
| |   / _ \ / _` |
| |__| (_) | (_| |
|_____\___/ \__, |
            |___/ 


--- START --------------------------------------------------------------------------------------------------------------------------------
[2025-01-20 12:21:33]

From  to 
Search Date: 2025-01-20
--- START --------------------------------------------------------------------------------------------------------------------------------
[2025-01-20 12:22:57]

From  to 
Search Date: 2025-01-20
--- START --------------------------------------------------------------------------------------------------------------------------------
[2025-01-20 12:24:23]

From  to 
Search Date: 2025-01-20
--- START --------------------------------------------------------------------------------------------------------------------------------
[2025-01-20 12:24:30]

From  to 
Search Date: 2025-01-20
--- START --------------------------------------------------------------------------------------------------------------------------------
[2025-01-20 12:25:14]

From  to 
Search Date: 2025-01-20
--- START --------------------------------------------------------------------------------------------------------------------------------
[2025-01-20 12:25:20]

From  to 
Search Date: 2025-01-20
--- START --------------------------------------------------------------------------------------------------------------------------------
[2025-01-20 12:28:07]

From  to 
Search Date: 2025-01-20
--- START --------------------------------------------------------------------------------------------------------------------------------
[2025-01-20 12:29:27]

From  to 
Search Date: 2025-01-20
--- START --------------------------------------------------------------------------------------------------------------------------------
[2025-01-20 12:29:30]

From  to 
Search Date: 2025-01-20
--- START --------------------------------------------------------------------------------------------------------------------------------
[2025-01-20 12:29:39]

From  to 
Search Date: 2025-01-20
--- START --------------------------------------------------------------------------------------------------------------------------------
[2025-01-20 12:30:18]

From  to 
Search Date: 2025-01-20
--- START --------------------------------------------------------------------------------------------------------------------------------
[2025-01-20 12:34:38]

From  to 
Search Date: 2025-01-20
--- START --------------------------------------------------------------------------------------------------------------------------------
[2025-01-20 12:51:20]

From  to 
Search Date: 2025-01-20
------------
CARRIER LIST
------------
[]

From  to 
Search Date: 2025-01-20
------------
CARRIER LIST
------------
[]

--- END ----------------------------------------------------------------------------------------------------------------------------------

--- START --------------------------------------------------------------------------------------------------------------------------------
[2025-01-20 12:51:40]

From  to 
Search Date: 2025-01-20
------------
CARRIER LIST
------------
[]

From  to 
Search Date: 2025-01-20
------------
CARRIER LIST
------------
[]

--- END ----------------------------------------------------------------------------------------------------------------------------------

--- START --------------------------------------------------------------------------------------------------------------------------------
[2025-01-20 13:08:30]

From  to 
Search Date: 2025-01-20
------------
CARRIER LIST
------------
[]

From  to 
Search Date: 2025-01-20
------------
CARRIER LIST
------------
[]

--- END ----------------------------------------------------------------------------------------------------------------------------------

--- START --------------------------------------------------------------------------------------------------------------------------------
[2025-01-20 13:40:53]

From  to 
Search Date: 2025-01-20
------------
CARRIER LIST
------------
[]

From  to 
Search Date: 2025-01-20
------------
CARRIER LIST
------------
[]

--- END ----------------------------------------------------------------------------------------------------------------------------------

--- START --------------------------------------------------------------------------------------------------------------------------------
[2025-01-20 13:40:59]

From  to 
Search Date: 2025-01-20
------------
CARRIER LIST
------------
[]

From  to 
Search Date: 2025-01-20
------------
CARRIER LIST
------------
[]

--- END ----------------------------------------------------------------------------------------------------------------------------------

--- START --------------------------------------------------------------------------------------------------------------------------------
[2025-01-20 13:41:46]

From ZAZACAPETOWN to ZAZABLOEMFONTEIN
Search Date: 2025-01-20
------------
CARRIER LIST
------------
["Eagle Liner Transport","Intercape Budgetliner","Greyhound Premium","Intercape Mainliner","Intercape Sleepliner","Intercape Mainliner","Intercape Mainliner"]

From ZAZACAPETOWN to ZAZADURBAN
Search Date: 2025-01-20
------------
CARRIER LIST
------------
["Intercity Xpress","City To City","Intercape Mainliner","Intercape Mainliner","Intercape Mainliner","Intercape Mainliner","Intercape Mainliner","Intercape Mainliner","Intercape Mainliner","Intercape Mainliner"]

--- END ----------------------------------------------------------------------------------------------------------------------------------

--- START --------------------------------------------------------------------------------------------------------------------------------
[2025-01-20 13:52:22]

From ZAZACAPETOWN to ZAZABLOEMFONTEIN
Search Date: 2025-01-20
------------
CARRIER LIST
------------
["Eagle Liner Transport","Intercape Budgetliner","Greyhound Premium","Intercape Mainliner","Intercape Sleepliner","Intercape Mainliner","Intercape Mainliner"]

From ZAZACAPETOWN to ZAZADURBAN
Search Date: 2025-01-20
------------
CARRIER LIST
------------
["Intercity Xpress","City To City","Intercape Mainliner","Intercape Mainliner","Intercape Mainliner","Intercape Mainliner","Intercape Mainliner","Intercape Mainliner","Intercape Mainliner","Intercape Mainliner"]

--- END ----------------------------------------------------------------------------------------------------------------------------------

--- START --------------------------------------------------------------------------------------------------------------------------------
[2025-01-20 16:01:38]

From ZAZACAPETOWN to ZAZABLOEMFONTEIN
Search Date: 2025-01-20
------------
CARRIER LIST
------------
["Intercape Budgetliner","Intercape Mainliner","Intercape Sleepliner","Greyhound Premium","Intercape Mainliner","Intercape Mainliner"]

From ZAZACAPETOWN to ZAZADURBAN
Search Date: 2025-01-20
------------
CARRIER LIST
------------
["Intercity Xpress","Intercape Mainliner","Intercape Mainliner","Intercape Mainliner","Intercape Mainliner","Intercape Mainliner","Intercape Mainliner","Intercape Mainliner","Intercape Mainliner"]

From ZAZACAPETOWN to ZAZAJOHANNESBURG
Search Date: 2025-01-20
------------
CARRIER LIST
------------
["FF Gertse","Delta Coaches","Delta Coaches","Intercape Budgetliner","Intercity Xpress","Greyhound Premium","Intercape Sleepliner","Intercape Sleepliner","Intercape Mainliner"]

Added new carriers to CTK_CARRIERS ["FF Gertse"]
--- END ----------------------------------------------------------------------------------------------------------------------------------

--- START --------------------------------------------------------------------------------------------------------------------------------
[2025-01-20 16:04:39]

From ZAZACAPETOWN to ZAZABLOEMFONTEIN
Search Date: 2025-01-20
------------
CARRIER LIST
------------
["Intercape Budgetliner","Intercape Mainliner","Intercape Sleepliner","Greyhound Premium","Intercape Mainliner","Intercape Mainliner"]

From ZAZACAPETOWN to ZAZADURBAN
Search Date: 2025-01-20
------------
CARRIER LIST
------------
["Intercity Xpress","Intercape Mainliner","Intercape Mainliner","Intercape Mainliner","Intercape Mainliner","Intercape Mainliner","Intercape Mainliner","Intercape Mainliner","Intercape Mainliner"]

From  to 
Search Date: 2025-01-20
------------
CARRIER LIST
------------
[]

--- END ----------------------------------------------------------------------------------------------------------------------------------

--- START --------------------------------------------------------------------------------------------------------------------------------
[2025-01-20 16:07:03]

From ZAZACAPETOWN to ZAZABLOEMFONTEIN
Search Date: 2025-01-20
------------
CARRIER LIST
------------
["Intercape Budgetliner","Intercape Mainliner","Intercape Sleepliner","Greyhound Premium","Intercape Mainliner","Intercape Mainliner"]

From ZAZACAPETOWN to ZAZADURBAN
Search Date: 2025-01-20
------------
CARRIER LIST
------------
["Intercity Xpress","Intercape Mainliner","Intercape Mainliner","Intercape Mainliner","Intercape Mainliner","Intercape Mainliner","Intercape Mainliner","Intercape Mainliner","Intercape Mainliner"]

From ZAZACAPETOWN to ZAZAJOHANNESBURG
Search Date: 2025-01-20
------------
CARRIER LIST
------------
["FF Gertse","Delta Coaches","Delta Coaches","Intercape Budgetliner","Intercity Xpress","Greyhound Premium","Intercape Sleepliner","Intercape Sleepliner","Intercape Mainliner"]

Added new carriers to CTK_CARRIERS ["FF Gertse"]
--- END ----------------------------------------------------------------------------------------------------------------------------------

--- START --------------------------------------------------------------------------------------------------------------------------------
[2025-01-20 16:21:17]

From ZAZACAPETOWN to ZAZABLOEMFONTEIN
Search Date: 2025-01-20
------------
CARRIER LIST
------------
["Intercape Budgetliner","Intercape Mainliner","Intercape Sleepliner","Greyhound Premium","Intercape Mainliner","Intercape Mainliner"]

From ZAZACAPETOWN to ZAZADURBAN
Search Date: 2025-01-20
------------
CARRIER LIST
------------
["Intercity Xpress","Intercape Mainliner","Intercape Mainliner","Intercape Mainliner","Intercape Mainliner","Intercape Mainliner","Intercape Mainliner","Intercape Mainliner","Intercape Mainliner"]

--- START --------------------------------------------------------------------------------------------------------------------------------
[2025-01-20 16:21:48]

From ZAZACAPETOWN to ZAZAJOHANNESBURG
Search Date: 2025-01-20
------------
CARRIER LIST
------------
["FF Gertse","Delta Coaches","Intercape Budgetliner","Intercity Xpress","Greyhound Premium","Intercape Sleepliner","Intercape Sleepliner","Intercape Mainliner"]

--- END ----------------------------------------------------------------------------------------------------------------------------------

From ZAZACAPETOWN to ZAZABLOEMFONTEIN
Search Date: 2025-01-20
------------
CARRIER LIST
------------
["Intercape Budgetliner","Intercape Mainliner","Intercape Sleepliner","Greyhound Premium","Intercape Mainliner","Intercape Mainliner"]

From  to 
Search Date: 2025-01-20
------------
CARRIER LIST
------------
[]

From ZAZACAPETOWN to ZAZAJOHANNESBURG
Search Date: 2025-01-20
------------
CARRIER LIST
------------
["FF Gertse","Delta Coaches","Intercape Budgetliner","Intercity Xpress","Greyhound Premium","Intercape Sleepliner","Intercape Sleepliner","Intercape Mainliner"]

--- END ----------------------------------------------------------------------------------------------------------------------------------

